<?xml version="1.0" encoding="UTF-8"?>
<testsuite xmlns:xsi="http://www.w3.org/2001/XMLSchema-instance" xsi:noNamespaceSchemaLocation="https://maven.apache.org/surefire/maven-surefire-plugin/xsd/surefire-test-report-3.0.xsd" version="3.0" name="org.hsos.KundeTests" time="41.173" tests="9" errors="0" skipped="0" failures="0">
  <properties>
    <property name="java.specification.version" value="20"/>
    <property name="test.url" value="http://localhost:8081"/>
    <property name="sun.jnu.encoding" value="UTF-8"/>
    <property name="java.class.path" value="/Users/malik/Desktop/hocschule/Semester5/SWA/AbsProjekt/ecobasket/target/test-classes:/Users/malik/Desktop/hocschule/Semester5/SWA/AbsProjekt/ecobasket/target/classes:/Users/malik/.m2/repository/io/quarkus/quarkus-resteasy-reactive-qute/3.7.1/quarkus-resteasy-reactive-qute-3.7.1.jar:/Users/malik/.m2/repository/io/quarkus/quarkus-core/3.7.1/quarkus-core-3.7.1.jar:/Users/malik/.m2/repository/jakarta/enterprise/jakarta.enterprise.cdi-api/4.0.1/jakarta.enterprise.cdi-api-4.0.1.jar:/Users/malik/.m2/repository/jakarta/enterprise/jakarta.enterprise.lang-model/4.0.1/jakarta.enterprise.lang-model-4.0.1.jar:/Users/malik/.m2/repository/jakarta/el/jakarta.el-api/5.0.1/jakarta.el-api-5.0.1.jar:/Users/malik/.m2/repository/jakarta/inject/jakarta.inject-api/2.0.1/jakarta.inject-api-2.0.1.jar:/Users/malik/.m2/repository/io/smallrye/common/smallrye-common-os/2.1.2/smallrye-common-os-2.1.2.jar:/Users/malik/.m2/repository/io/quarkus/quarkus-ide-launcher/3.7.1/quarkus-ide-launcher-3.7.1.jar:/Users/malik/.m2/repository/io/quarkus/quarkus-development-mode-spi/3.7.1/quarkus-development-mode-spi-3.7.1.jar:/Users/malik/.m2/repository/io/smallrye/config/smallrye-config/3.5.2/smallrye-config-3.5.2.jar:/Users/malik/.m2/repository/io/smallrye/config/smallrye-config-core/3.5.2/smallrye-config-core-3.5.2.jar:/Users/malik/.m2/repository/io/smallrye/common/smallrye-common-classloader/2.1.2/smallrye-common-classloader-2.1.2.jar:/Users/malik/.m2/repository/io/smallrye/config/smallrye-config-common/3.5.2/smallrye-config-common-3.5.2.jar:/Users/malik/.m2/repository/org/jboss/logging/jboss-logging/3.5.3.Final/jboss-logging-3.5.3.Final.jar:/Users/malik/.m2/repository/org/jboss/logmanager/jboss-logmanager/3.0.4.Final/jboss-logmanager-3.0.4.Final.jar:/Users/malik/.m2/repository/io/smallrye/common/smallrye-common-cpu/2.1.2/smallrye-common-cpu-2.1.2.jar:/Users/malik/.m2/repository/io/smallrye/common/smallrye-common-expression/2.1.2/smallrye-common-expression-2.1.2.jar:/Users/malik/.m2/repository/io/smallrye/common/smallrye-common-function/2.1.2/smallrye-common-function-2.1.2.jar:/Users/malik/.m2/repository/io/smallrye/common/smallrye-common-net/2.1.2/smallrye-common-net-2.1.2.jar:/Users/malik/.m2/repository/io/smallrye/common/smallrye-common-ref/2.1.2/smallrye-common-ref-2.1.2.jar:/Users/malik/.m2/repository/jakarta/json/jakarta.json-api/2.1.3/jakarta.json-api-2.1.3.jar:/Users/malik/.m2/repository/org/jboss/logging/jboss-logging-annotations/2.2.1.Final/jboss-logging-annotations-2.2.1.Final.jar:/Users/malik/.m2/repository/org/jboss/threads/jboss-threads/3.5.1.Final/jboss-threads-3.5.1.Final.jar:/Users/malik/.m2/repository/org/slf4j/slf4j-api/2.0.6/slf4j-api-2.0.6.jar:/Users/malik/.m2/repository/org/jboss/slf4j/slf4j-jboss-logmanager/2.0.0.Final/slf4j-jboss-logmanager-2.0.0.Final.jar:/Users/malik/.m2/repository/org/wildfly/common/wildfly-common/1.7.0.Final/wildfly-common-1.7.0.Final.jar:/Users/malik/.m2/repository/io/quarkus/quarkus-bootstrap-runner/3.7.1/quarkus-bootstrap-runner-3.7.1.jar:/Users/malik/.m2/repository/io/quarkus/quarkus-fs-util/0.0.10/quarkus-fs-util-0.0.10.jar:/Users/malik/.m2/repository/io/quarkus/quarkus-qute/3.7.1/quarkus-qute-3.7.1.jar:/Users/malik/.m2/repository/io/quarkus/qute/qute-core/3.7.1/qute-core-3.7.1.jar:/Users/malik/.m2/repository/io/quarkus/quarkus-resteasy-reactive-jsonb/3.7.1/quarkus-resteasy-reactive-jsonb-3.7.1.jar:/Users/malik/.m2/repository/io/quarkus/resteasy/reactive/resteasy-reactive-jsonb/3.7.1/resteasy-reactive-jsonb-3.7.1.jar:/Users/malik/.m2/repository/io/quarkus/resteasy/reactive/resteasy-reactive/3.7.1/resteasy-reactive-3.7.1.jar:/Users/malik/.m2/repository/org/eclipse/yasson/3.0.3/yasson-3.0.3.jar:/Users/malik/.m2/repository/jakarta/json/bind/jakarta.json.bind-api/3.0.0/jakarta.json.bind-api-3.0.0.jar:/Users/malik/.m2/repository/io/quarkus/quarkus-resteasy-reactive-jsonb-common/3.7.1/quarkus-resteasy-reactive-jsonb-common-3.7.1.jar:/Users/malik/.m2/repository/io/quarkus/quarkus-jsonb/3.7.1/quarkus-jsonb-3.7.1.jar:/Users/malik/.m2/repository/io/quarkus/quarkus-mutiny/3.7.1/quarkus-mutiny-3.7.1.jar:/Users/malik/.m2/repository/io/smallrye/reactive/mutiny/2.5.6/mutiny-2.5.6.jar:/Users/malik/.m2/repository/io/quarkus/quarkus-smallrye-context-propagation/3.7.1/quarkus-smallrye-context-propagation-3.7.1.jar:/Users/malik/.m2/repository/io/smallrye/smallrye-context-propagation/2.1.0/smallrye-context-propagation-2.1.0.jar:/Users/malik/.m2/repository/io/smallrye/smallrye-context-propagation-api/2.1.0/smallrye-context-propagation-api-2.1.0.jar:/Users/malik/.m2/repository/io/smallrye/smallrye-context-propagation-storage/2.1.0/smallrye-context-propagation-storage-2.1.0.jar:/Users/malik/.m2/repository/io/smallrye/reactive/mutiny-smallrye-context-propagation/2.5.6/mutiny-smallrye-context-propagation-2.5.6.jar:/Users/malik/.m2/repository/io/quarkus/quarkus-hibernate-orm/3.7.1/quarkus-hibernate-orm-3.7.1.jar:/Users/malik/.m2/repository/io/quarkus/quarkus-agroal/3.7.1/quarkus-agroal-3.7.1.jar:/Users/malik/.m2/repository/io/quarkus/quarkus-datasource/3.7.1/quarkus-datasource-3.7.1.jar:/Users/malik/.m2/repository/io/agroal/agroal-api/2.1/agroal-api-2.1.jar:/Users/malik/.m2/repository/io/agroal/agroal-narayana/2.1/agroal-narayana-2.1.jar:/Users/malik/.m2/repository/org/jboss/jboss-transaction-spi/8.0.0.Final/jboss-transaction-spi-8.0.0.Final.jar:/Users/malik/.m2/repository/io/agroal/agroal-pool/2.1/agroal-pool-2.1.jar:/Users/malik/.m2/repository/io/quarkus/quarkus-narayana-jta/3.7.1/quarkus-narayana-jta-3.7.1.jar:/Users/malik/.m2/repository/io/quarkus/quarkus-transaction-annotations/3.7.1/quarkus-transaction-annotations-3.7.1.jar:/Users/malik/.m2/repository/io/smallrye/smallrye-context-propagation-jta/2.1.0/smallrye-context-propagation-jta-2.1.0.jar:/Users/malik/.m2/repository/io/smallrye/reactive/smallrye-reactive-converter-api/3.0.1/smallrye-reactive-converter-api-3.0.1.jar:/Users/malik/.m2/repository/org/reactivestreams/reactive-streams/1.0.4/reactive-streams-1.0.4.jar:/Users/malik/.m2/repository/io/smallrye/reactive/smallrye-reactive-converter-mutiny/3.0.1/smallrye-reactive-converter-mutiny-3.0.1.jar:/Users/malik/.m2/repository/io/smallrye/reactive/mutiny-zero-flow-adapters/1.0.0/mutiny-zero-flow-adapters-1.0.0.jar:/Users/malik/.m2/repository/org/jboss/narayana/jta/narayana-jta/7.0.0.Final/narayana-jta-7.0.0.Final.jar:/Users/malik/.m2/repository/jakarta/resource/jakarta.resource-api/2.1.0/jakarta.resource-api-2.1.0.jar:/Users/malik/.m2/repository/org/jboss/invocation/jboss-invocation/2.0.0.Final/jboss-invocation-2.0.0.Final.jar:/Users/malik/.m2/repository/org/eclipse/microprofile/reactive-streams-operators/microprofile-reactive-streams-operators-api/3.0/microprofile-reactive-streams-operators-api-3.0.jar:/Users/malik/.m2/repository/org/jboss/narayana/jts/narayana-jts-integration/7.0.0.Final/narayana-jts-integration-7.0.0.Final.jar:/Users/malik/.m2/repository/org/hibernate/orm/hibernate-core/6.4.2.Final/hibernate-core-6.4.2.Final.jar:/Users/malik/.m2/repository/com/fasterxml/classmate/1.6.0/classmate-1.6.0.jar:/Users/malik/.m2/repository/org/antlr/antlr4-runtime/4.13.0/antlr4-runtime-4.13.0.jar:/Users/malik/.m2/repository/net/bytebuddy/byte-buddy/1.14.7/byte-buddy-1.14.7.jar:/Users/malik/.m2/repository/org/hibernate/common/hibernate-commons-annotations/6.0.6.Final/hibernate-commons-annotations-6.0.6.Final.jar:/Users/malik/.m2/repository/org/hibernate/orm/hibernate-graalvm/6.4.2.Final/hibernate-graalvm-6.4.2.Final.jar:/Users/malik/.m2/repository/org/glassfish/jaxb/jaxb-runtime/4.0.4/jaxb-runtime-4.0.4.jar:/Users/malik/.m2/repository/org/glassfish/jaxb/jaxb-core/4.0.4/jaxb-core-4.0.4.jar:/Users/malik/.m2/repository/org/glassfish/jaxb/txw2/4.0.4/txw2-4.0.4.jar:/Users/malik/.m2/repository/com/sun/istack/istack-commons-runtime/4.1.2/istack-commons-runtime-4.1.2.jar:/Users/malik/.m2/repository/jakarta/xml/bind/jakarta.xml.bind-api/4.0.1/jakarta.xml.bind-api-4.0.1.jar:/Users/malik/.m2/repository/jakarta/activation/jakarta.activation-api/2.1.2/jakarta.activation-api-2.1.2.jar:/Users/malik/.m2/repository/jakarta/persistence/jakarta.persistence-api/3.1.0/jakarta.persistence-api-3.1.0.jar:/Users/malik/.m2/repository/jakarta/transaction/jakarta.transaction-api/2.0.1/jakarta.transaction-api-2.0.1.jar:/Users/malik/.m2/repository/org/hibernate/quarkus-local-cache/0.3.0/quarkus-local-cache-0.3.0.jar:/Users/malik/.m2/repository/io/quarkus/quarkus-caffeine/3.7.1/quarkus-caffeine-3.7.1.jar:/Users/malik/.m2/repository/com/github/ben-manes/caffeine/caffeine/3.1.5/caffeine-3.1.5.jar:/Users/malik/.m2/repository/com/google/errorprone/error_prone_annotations/2.24.0/error_prone_annotations-2.24.0.jar:/Users/malik/.m2/repository/io/quarkus/quarkus-rest-client-reactive/3.7.1/quarkus-rest-client-reactive-3.7.1.jar:/Users/malik/.m2/repository/io/quarkus/quarkus-jaxrs-client-reactive/3.7.1/quarkus-jaxrs-client-reactive-3.7.1.jar:/Users/malik/.m2/repository/io/quarkus/resteasy/reactive/resteasy-reactive-client/3.7.1/resteasy-reactive-client-3.7.1.jar:/Users/malik/.m2/repository/io/vertx/vertx-web-client/4.5.1/vertx-web-client-4.5.1.jar:/Users/malik/.m2/repository/io/quarkus/quarkus-smallrye-stork/3.7.1/quarkus-smallrye-stork-3.7.1.jar:/Users/malik/.m2/repository/io/quarkus/quarkus-rest-client-config/3.7.1/quarkus-rest-client-config-3.7.1.jar:/Users/malik/.m2/repository/io/smallrye/jandex/3.1.6/jandex-3.1.6.jar:/Users/malik/.m2/repository/io/smallrye/stork/stork-api/2.5.0/stork-api-2.5.0.jar:/Users/malik/.m2/repository/io/smallrye/stork/stork-core/2.5.0/stork-core-2.5.0.jar:/Users/malik/.m2/repository/org/eclipse/microprofile/rest/client/microprofile-rest-client-api/3.0.1/microprofile-rest-client-api-3.0.1.jar:/Users/malik/.m2/repository/io/quarkus/quarkus-vertx/3.7.1/quarkus-vertx-3.7.1.jar:/Users/malik/.m2/repository/io/quarkus/quarkus-netty/3.7.1/quarkus-netty-3.7.1.jar:/Users/malik/.m2/repository/io/netty/netty-codec/4.1.106.Final/netty-codec-4.1.106.Final.jar:/Users/malik/.m2/repository/io/netty/netty-common/4.1.106.Final/netty-common-4.1.106.Final.jar:/Users/malik/.m2/repository/io/netty/netty-codec-http/4.1.106.Final/netty-codec-http-4.1.106.Final.jar:/Users/malik/.m2/repository/io/netty/netty-codec-http2/4.1.106.Final/netty-codec-http2-4.1.106.Final.jar:/Users/malik/.m2/repository/io/netty/netty-handler/4.1.106.Final/netty-handler-4.1.106.Final.jar:/Users/malik/.m2/repository/io/netty/netty-resolver/4.1.106.Final/netty-resolver-4.1.106.Final.jar:/Users/malik/.m2/repository/io/netty/netty-transport-native-unix-common/4.1.106.Final/netty-transport-native-unix-common-4.1.106.Final.jar:/Users/malik/.m2/repository/com/aayushatharva/brotli4j/brotli4j/1.12.0/brotli4j-1.12.0.jar:/Users/malik/.m2/repository/com/aayushatharva/brotli4j/service/1.12.0/service-1.12.0.jar:/Users/malik/.m2/repository/com/aayushatharva/brotli4j/native-osx-aarch64/1.12.0/native-osx-aarch64-1.12.0.jar:/Users/malik/.m2/repository/io/netty/netty-codec-haproxy/4.1.106.Final/netty-codec-haproxy-4.1.106.Final.jar:/Users/malik/.m2/repository/io/netty/netty-buffer/4.1.106.Final/netty-buffer-4.1.106.Final.jar:/Users/malik/.m2/repository/io/netty/netty-transport/4.1.106.Final/netty-transport-4.1.106.Final.jar:/Users/malik/.m2/repository/io/smallrye/common/smallrye-common-annotation/2.1.2/smallrye-common-annotation-2.1.2.jar:/Users/malik/.m2/repository/io/smallrye/common/smallrye-common-vertx-context/2.1.2/smallrye-common-vertx-context-2.1.2.jar:/Users/malik/.m2/repository/io/vertx/vertx-core/4.5.1/vertx-core-4.5.1.jar:/Users/malik/.m2/repository/io/netty/netty-handler-proxy/4.1.106.Final/netty-handler-proxy-4.1.106.Final.jar:/Users/malik/.m2/repository/io/netty/netty-codec-socks/4.1.106.Final/netty-codec-socks-4.1.106.Final.jar:/Users/malik/.m2/repository/io/netty/netty-resolver-dns/4.1.106.Final/netty-resolver-dns-4.1.106.Final.jar:/Users/malik/.m2/repository/io/netty/netty-codec-dns/4.1.106.Final/netty-codec-dns-4.1.106.Final.jar:/Users/malik/.m2/repository/io/smallrye/common/smallrye-common-constraint/2.1.2/smallrye-common-constraint-2.1.2.jar:/Users/malik/.m2/repository/io/quarkus/quarkus-virtual-threads/3.7.1/quarkus-virtual-threads-3.7.1.jar:/Users/malik/.m2/repository/io/quarkus/quarkus-vertx-latebound-mdc-provider/3.7.1/quarkus-vertx-latebound-mdc-provider-3.7.1.jar:/Users/malik/.m2/repository/io/smallrye/reactive/smallrye-mutiny-vertx-core/3.8.0/smallrye-mutiny-vertx-core-3.8.0.jar:/Users/malik/.m2/repository/io/smallrye/reactive/smallrye-mutiny-vertx-runtime/3.8.0/smallrye-mutiny-vertx-runtime-3.8.0.jar:/Users/malik/.m2/repository/io/smallrye/reactive/vertx-mutiny-generator/3.8.0/vertx-mutiny-generator-3.8.0.jar:/Users/malik/.m2/repository/io/vertx/vertx-codegen/4.5.1/vertx-codegen-4.5.1.jar:/Users/malik/.m2/repository/io/smallrye/smallrye-fault-tolerance-vertx/6.2.6/smallrye-fault-tolerance-vertx-6.2.6.jar:/Users/malik/.m2/repository/io/quarkus/quarkus-vertx-http/3.7.1/quarkus-vertx-http-3.7.1.jar:/Users/malik/.m2/repository/io/quarkus/quarkus-security-runtime-spi/3.7.1/quarkus-security-runtime-spi-3.7.1.jar:/Users/malik/.m2/repository/io/quarkus/quarkus-credentials/3.7.1/quarkus-credentials-3.7.1.jar:/Users/malik/.m2/repository/io/quarkus/security/quarkus-security/2.0.3.Final/quarkus-security-2.0.3.Final.jar:/Users/malik/.m2/repository/io/smallrye/reactive/smallrye-mutiny-vertx-web/3.8.0/smallrye-mutiny-vertx-web-3.8.0.jar:/Users/malik/.m2/repository/io/smallrye/reactive/smallrye-mutiny-vertx-web-common/3.8.0/smallrye-mutiny-vertx-web-common-3.8.0.jar:/Users/malik/.m2/repository/io/smallrye/reactive/smallrye-mutiny-vertx-auth-common/3.8.0/smallrye-mutiny-vertx-auth-common-3.8.0.jar:/Users/malik/.m2/repository/io/smallrye/reactive/smallrye-mutiny-vertx-bridge-common/3.8.0/smallrye-mutiny-vertx-bridge-common-3.8.0.jar:/Users/malik/.m2/repository/io/smallrye/reactive/smallrye-mutiny-vertx-uri-template/3.8.0/smallrye-mutiny-vertx-uri-template-3.8.0.jar:/Users/malik/.m2/repository/io/vertx/vertx-uri-template/4.5.1/vertx-uri-template-4.5.1.jar:/Users/malik/.m2/repository/io/vertx/vertx-web/4.5.1/vertx-web-4.5.1.jar:/Users/malik/.m2/repository/io/vertx/vertx-web-common/4.5.1/vertx-web-common-4.5.1.jar:/Users/malik/.m2/repository/io/vertx/vertx-auth-common/4.5.1/vertx-auth-common-4.5.1.jar:/Users/malik/.m2/repository/io/vertx/vertx-bridge-common/4.5.1/vertx-bridge-common-4.5.1.jar:/Users/malik/.m2/repository/io/github/crac/org-crac/0.1.3/org-crac-0.1.3.jar:/Users/malik/.m2/repository/io/quarkus/quarkus-smallrye-openapi/3.7.1/quarkus-smallrye-openapi-3.7.1.jar:/Users/malik/.m2/repository/io/smallrye/smallrye-open-api-core/3.8.0/smallrye-open-api-core-3.8.0.jar:/Users/malik/.m2/repository/org/eclipse/microprofile/openapi/microprofile-openapi-api/3.1.1/microprofile-openapi-api-3.1.1.jar:/Users/malik/.m2/repository/org/eclipse/microprofile/config/microprofile-config-api/3.0.3/microprofile-config-api-3.0.3.jar:/Users/malik/.m2/repository/com/fasterxml/jackson/core/jackson-core/2.16.1/jackson-core-2.16.1.jar:/Users/malik/.m2/repository/com/fasterxml/jackson/core/jackson-databind/2.16.1/jackson-databind-2.16.1.jar:/Users/malik/.m2/repository/com/fasterxml/jackson/core/jackson-annotations/2.16.1/jackson-annotations-2.16.1.jar:/Users/malik/.m2/repository/com/fasterxml/jackson/dataformat/jackson-dataformat-yaml/2.16.1/jackson-dataformat-yaml-2.16.1.jar:/Users/malik/.m2/repository/io/quarkus/quarkus-swagger-ui/3.7.1/quarkus-swagger-ui-3.7.1.jar:/Users/malik/.m2/repository/io/quarkus/quarkus-resteasy-reactive/3.7.1/quarkus-resteasy-reactive-3.7.1.jar:/Users/malik/.m2/repository/io/quarkus/quarkus-resteasy-reactive-common/3.7.1/quarkus-resteasy-reactive-common-3.7.1.jar:/Users/malik/.m2/repository/io/quarkus/resteasy/reactive/resteasy-reactive-common/3.7.1/resteasy-reactive-common-3.7.1.jar:/Users/malik/.m2/repository/io/quarkus/resteasy/reactive/resteasy-reactive-common-types/3.7.1/resteasy-reactive-common-types-3.7.1.jar:/Users/malik/.m2/repository/io/quarkus/resteasy/reactive/resteasy-reactive-vertx/3.7.1/resteasy-reactive-vertx-3.7.1.jar:/Users/malik/.m2/repository/jakarta/ws/rs/jakarta.ws.rs-api/3.1.0/jakarta.ws.rs-api-3.1.0.jar:/Users/malik/.m2/repository/io/quarkus/quarkus-jsonp/3.7.1/quarkus-jsonp-3.7.1.jar:/Users/malik/.m2/repository/org/eclipse/parsson/parsson/1.1.5/parsson-1.1.5.jar:/Users/malik/.m2/repository/io/quarkus/quarkus-oidc/3.7.1/quarkus-oidc-3.7.1.jar:/Users/malik/.m2/repository/io/quarkus/quarkus-security/3.7.1/quarkus-security-3.7.1.jar:/Users/malik/.m2/repository/jakarta/interceptor/jakarta.interceptor-api/2.1.0/jakarta.interceptor-api-2.1.0.jar:/Users/malik/.m2/repository/io/quarkus/quarkus-oidc-common/3.7.1/quarkus-oidc-common-3.7.1.jar:/Users/malik/.m2/repository/io/smallrye/reactive/smallrye-mutiny-vertx-web-client/3.8.0/smallrye-mutiny-vertx-web-client-3.8.0.jar:/Users/malik/.m2/repository/io/smallrye/smallrye-jwt/4.4.0/smallrye-jwt-4.4.0.jar:/Users/malik/.m2/repository/org/eclipse/microprofile/jwt/microprofile-jwt-auth-api/2.1/microprofile-jwt-auth-api-2.1.jar:/Users/malik/.m2/repository/org/bitbucket/b_c/jose4j/0.9.3/jose4j-0.9.3.jar:/Users/malik/.m2/repository/io/smallrye/smallrye-jwt-common/4.4.0/smallrye-jwt-common-4.4.0.jar:/Users/malik/.m2/repository/jakarta/annotation/jakarta.annotation-api/2.1.1/jakarta.annotation-api-2.1.1.jar:/Users/malik/.m2/repository/io/quarkus/quarkus-liquibase/3.7.1/quarkus-liquibase-3.7.1.jar:/Users/malik/.m2/repository/org/liquibase/liquibase-core/4.25.1/liquibase-core-4.25.1.jar:/Users/malik/.m2/repository/com/opencsv/opencsv/5.8/opencsv-5.8.jar:/Users/malik/.m2/repository/org/apache/commons/commons-lang3/3.14.0/commons-lang3-3.14.0.jar:/Users/malik/.m2/repository/org/apache/commons/commons-text/1.11.0/commons-text-1.11.0.jar:/Users/malik/.m2/repository/org/apache/commons/commons-collections4/4.4/commons-collections4-4.4.jar:/Users/malik/.m2/repository/org/osgi/osgi.core/6.0.0/osgi.core-6.0.0.jar:/Users/malik/.m2/repository/org/yaml/snakeyaml/2.2/snakeyaml-2.2.jar:/Users/malik/.m2/repository/io/quarkus/quarkus-jaxb/3.7.1/quarkus-jaxb-3.7.1.jar:/Users/malik/.m2/repository/io/quarkus/quarkus-jaxp/3.7.1/quarkus-jaxp-3.7.1.jar:/Users/malik/.m2/repository/io/quarkus/quarkus-datasource-common/3.7.1/quarkus-datasource-common-3.7.1.jar:/Users/malik/.m2/repository/io/quarkus/quarkus-keycloak-admin-client-reactive/3.7.1/quarkus-keycloak-admin-client-reactive-3.7.1.jar:/Users/malik/.m2/repository/io/quarkus/quarkus-rest-client-reactive-jackson/3.7.1/quarkus-rest-client-reactive-jackson-3.7.1.jar:/Users/malik/.m2/repository/io/quarkus/resteasy/reactive/resteasy-reactive-jackson/3.7.1/resteasy-reactive-jackson-3.7.1.jar:/Users/malik/.m2/repository/io/quarkus/quarkus-resteasy-reactive-jackson-common/3.7.1/quarkus-resteasy-reactive-jackson-common-3.7.1.jar:/Users/malik/.m2/repository/io/quarkus/quarkus-jackson/3.7.1/quarkus-jackson-3.7.1.jar:/Users/malik/.m2/repository/com/fasterxml/jackson/datatype/jackson-datatype-jsr310/2.16.1/jackson-datatype-jsr310-2.16.1.jar:/Users/malik/.m2/repository/com/fasterxml/jackson/datatype/jackson-datatype-jdk8/2.16.1/jackson-datatype-jdk8-2.16.1.jar:/Users/malik/.m2/repository/com/fasterxml/jackson/module/jackson-module-parameter-names/2.16.1/jackson-module-parameter-names-2.16.1.jar:/Users/malik/.m2/repository/org/keycloak/keycloak-core/23.0.4/keycloak-core-23.0.4.jar:/Users/malik/.m2/repository/org/keycloak/keycloak-common/23.0.4/keycloak-common-23.0.4.jar:/Users/malik/.m2/repository/org/eclipse/angus/angus-activation/2.0.1/angus-activation-2.0.1.jar:/Users/malik/.m2/repository/org/keycloak/keycloak-admin-client/23.0.4/keycloak-admin-client-23.0.4.jar:/Users/malik/.m2/repository/org/jboss/logging/commons-logging-jboss-logging/1.0.0.Final/commons-logging-jboss-logging-1.0.0.Final.jar:/Users/malik/.m2/repository/io/quarkus/quarkus-keycloak-admin-client-common/3.7.1/quarkus-keycloak-admin-client-common-3.7.1.jar:/Users/malik/.m2/repository/io/quarkus/quarkus-jdbc-postgresql/3.7.1/quarkus-jdbc-postgresql-3.7.1.jar:/Users/malik/.m2/repository/org/postgresql/postgresql/42.7.1/postgresql-42.7.1.jar:/Users/malik/.m2/repository/io/quarkus/quarkus-arc/3.7.1/quarkus-arc-3.7.1.jar:/Users/malik/.m2/repository/io/quarkus/arc/arc/3.7.1/arc-3.7.1.jar:/Users/malik/.m2/repository/org/eclipse/microprofile/context-propagation/microprofile-context-propagation-api/1.3/microprofile-context-propagation-api-1.3.jar:/Users/malik/.m2/repository/commons-validator/commons-validator/1.4.1/commons-validator-1.4.1.jar:/Users/malik/.m2/repository/commons-beanutils/commons-beanutils/1.8.3/commons-beanutils-1.8.3.jar:/Users/malik/.m2/repository/commons-digester/commons-digester/1.8.1/commons-digester-1.8.1.jar:/Users/malik/.m2/repository/commons-logging/commons-logging/1.2/commons-logging-1.2.jar:/Users/malik/.m2/repository/commons-collections/commons-collections/3.2.1/commons-collections-3.2.1.jar:/Users/malik/.m2/repository/io/quarkus/quarkus-junit5/3.7.1/quarkus-junit5-3.7.1.jar:/Users/malik/.m2/repository/io/quarkus/quarkus-bootstrap-core/3.7.1/quarkus-bootstrap-core-3.7.1.jar:/Users/malik/.m2/repository/io/quarkus/quarkus-bootstrap-app-model/3.7.1/quarkus-bootstrap-app-model-3.7.1.jar:/Users/malik/.m2/repository/io/smallrye/common/smallrye-common-io/2.1.2/smallrye-common-io-2.1.2.jar:/Users/malik/.m2/repository/org/eclipse/sisu/org.eclipse.sisu.inject/0.9.0.M2/org.eclipse.sisu.inject-0.9.0.M2.jar:/Users/malik/.m2/repository/io/quarkus/quarkus-test-common/3.7.1/quarkus-test-common-3.7.1.jar:/Users/malik/.m2/repository/io/quarkus/quarkus-core-deployment/3.7.1/quarkus-core-deployment-3.7.1.jar:/Users/malik/.m2/repository/org/aesh/readline/2.4/readline-2.4.jar:/Users/malik/.m2/repository/org/fusesource/jansi/jansi/2.4.0/jansi-2.4.0.jar:/Users/malik/.m2/repository/org/aesh/aesh/2.7/aesh-2.7.jar:/Users/malik/.m2/repository/io/quarkus/gizmo/gizmo/1.7.0/gizmo-1.7.0.jar:/Users/malik/.m2/repository/org/ow2/asm/asm-util/9.6/asm-util-9.6.jar:/Users/malik/.m2/repository/org/ow2/asm/asm-analysis/9.6/asm-analysis-9.6.jar:/Users/malik/.m2/repository/org/ow2/asm/asm/9.6/asm-9.6.jar:/Users/malik/.m2/repository/org/ow2/asm/asm-commons/9.6/asm-commons-9.6.jar:/Users/malik/.m2/repository/org/ow2/asm/asm-tree/9.6/asm-tree-9.6.jar:/Users/malik/.m2/repository/io/quarkus/quarkus-class-change-agent/3.7.1/quarkus-class-change-agent-3.7.1.jar:/Users/malik/.m2/repository/io/quarkus/quarkus-devtools-utilities/3.7.1/quarkus-devtools-utilities-3.7.1.jar:/Users/malik/.m2/repository/io/quarkus/quarkus-builder/3.7.1/quarkus-builder-3.7.1.jar:/Users/malik/.m2/repository/org/graalvm/sdk/graal-sdk/23.0.1/graal-sdk-23.0.1.jar:/Users/malik/.m2/repository/org/junit/platform/junit-platform-launcher/1.10.1/junit-platform-launcher-1.10.1.jar:/Users/malik/.m2/repository/io/quarkus/quarkus-bootstrap-maven-resolver/3.7.1/quarkus-bootstrap-maven-resolver-3.7.1.jar:/Users/malik/.m2/repository/io/smallrye/beanbag/smallrye-beanbag-maven/1.3.2/smallrye-beanbag-maven-1.3.2.jar:/Users/malik/.m2/repository/io/smallrye/beanbag/smallrye-beanbag-sisu/1.3.2/smallrye-beanbag-sisu-1.3.2.jar:/Users/malik/.m2/repository/io/smallrye/beanbag/smallrye-beanbag/1.3.2/smallrye-beanbag-1.3.2.jar:/Users/malik/.m2/repository/javax/inject/javax.inject/1/javax.inject-1.jar:/Users/malik/.m2/repository/org/apache/maven/maven-artifact/3.9.6/maven-artifact-3.9.6.jar:/Users/malik/.m2/repository/org/apache/maven/maven-builder-support/3.9.6/maven-builder-support-3.9.6.jar:/Users/malik/.m2/repository/org/apache/maven/maven-model/3.9.6/maven-model-3.9.6.jar:/Users/malik/.m2/repository/org/apache/maven/maven-model-builder/3.9.6/maven-model-builder-3.9.6.jar:/Users/malik/.m2/repository/org/apache/maven/maven-repository-metadata/3.9.6/maven-repository-metadata-3.9.6.jar:/Users/malik/.m2/repository/org/apache/maven/maven-settings/3.9.6/maven-settings-3.9.6.jar:/Users/malik/.m2/repository/org/apache/maven/resolver/maven-resolver-api/1.9.18/maven-resolver-api-1.9.18.jar:/Users/malik/.m2/repository/org/apache/maven/resolver/maven-resolver-impl/1.9.18/maven-resolver-impl-1.9.18.jar:/Users/malik/.m2/repository/org/apache/maven/resolver/maven-resolver-named-locks/1.9.18/maven-resolver-named-locks-1.9.18.jar:/Users/malik/.m2/repository/org/apache/maven/resolver/maven-resolver-spi/1.9.18/maven-resolver-spi-1.9.18.jar:/Users/malik/.m2/repository/org/apache/maven/resolver/maven-resolver-util/1.9.18/maven-resolver-util-1.9.18.jar:/Users/malik/.m2/repository/org/apache/maven/resolver/maven-resolver-transport-http/1.9.10/maven-resolver-transport-http-1.9.10.jar:/Users/malik/.m2/repository/org/apache/maven/wagon/wagon-provider-api/3.5.3/wagon-provider-api-3.5.3.jar:/Users/malik/.m2/repository/org/apache/maven/wagon/wagon-http-shared/3.5.3/wagon-http-shared-3.5.3.jar:/Users/malik/.m2/repository/org/codehaus/plexus/plexus-interpolation/1.26/plexus-interpolation-1.26.jar:/Users/malik/.m2/repository/org/codehaus/plexus/plexus-utils/3.5.1/plexus-utils-3.5.1.jar:/Users/malik/.m2/repository/org/codehaus/plexus/plexus-xml/4.0.0/plexus-xml-4.0.0.jar:/Users/malik/.m2/repository/org/apache/maven/maven-xml-impl/4.0.0-alpha-5/maven-xml-impl-4.0.0-alpha-5.jar:/Users/malik/.m2/repository/org/apache/maven/maven-api-xml/4.0.0-alpha-5/maven-api-xml-4.0.0-alpha-5.jar:/Users/malik/.m2/repository/org/apache/maven/maven-api-meta/4.0.0-alpha-5/maven-api-meta-4.0.0-alpha-5.jar:/Users/malik/.m2/repository/org/codehaus/plexus/plexus-cipher/2.0/plexus-cipher-2.0.jar:/Users/malik/.m2/repository/org/codehaus/plexus/plexus-sec-dispatcher/2.0/plexus-sec-dispatcher-2.0.jar:/Users/malik/.m2/repository/org/apache/maven/maven-embedder/3.9.6/maven-embedder-3.9.6.jar:/Users/malik/.m2/repository/org/apache/maven/maven-core/3.9.6/maven-core-3.9.6.jar:/Users/malik/.m2/repository/org/codehaus/plexus/plexus-component-annotations/2.1.0/plexus-component-annotations-2.1.0.jar:/Users/malik/.m2/repository/org/apache/maven/maven-plugin-api/3.9.6/maven-plugin-api-3.9.6.jar:/Users/malik/.m2/repository/org/apache/maven/shared/maven-shared-utils/3.3.4/maven-shared-utils-3.3.4.jar:/Users/malik/.m2/repository/com/google/inject/guice/5.1.0/guice-5.1.0.jar:/Users/malik/.m2/repository/aopalliance/aopalliance/1.0/aopalliance-1.0.jar:/Users/malik/.m2/repository/com/google/guava/guava/33.0.0-jre/guava-33.0.0-jre.jar:/Users/malik/.m2/repository/com/google/guava/failureaccess/1.0.1/failureaccess-1.0.1.jar:/Users/malik/.m2/repository/javax/annotation/javax.annotation-api/1.3.2/javax.annotation-api-1.3.2.jar:/Users/malik/.m2/repository/org/codehaus/plexus/plexus-classworlds/2.6.0/plexus-classworlds-2.6.0.jar:/Users/malik/.m2/repository/commons-cli/commons-cli/1.5.0/commons-cli-1.5.0.jar:/Users/malik/.m2/repository/org/eclipse/sisu/org.eclipse.sisu.plexus/0.9.0.M2/org.eclipse.sisu.plexus-0.9.0.M2.jar:/Users/malik/.m2/repository/org/apache/maven/maven-settings-builder/3.9.6/maven-settings-builder-3.9.6.jar:/Users/malik/.m2/repository/org/apache/maven/maven-resolver-provider/3.9.6/maven-resolver-provider-3.9.6.jar:/Users/malik/.m2/repository/org/apache/maven/resolver/maven-resolver-connector-basic/1.9.18/maven-resolver-connector-basic-1.9.18.jar:/Users/malik/.m2/repository/org/apache/maven/resolver/maven-resolver-transport-wagon/1.9.18/maven-resolver-transport-wagon-1.9.18.jar:/Users/malik/.m2/repository/org/apache/maven/wagon/wagon-http/3.5.3/wagon-http-3.5.3.jar:/Users/malik/.m2/repository/org/apache/maven/wagon/wagon-file/3.5.3/wagon-file-3.5.3.jar:/Users/malik/.m2/repository/io/quarkus/quarkus-bootstrap-gradle-resolver/3.7.1/quarkus-bootstrap-gradle-resolver-3.7.1.jar:/Users/malik/.m2/repository/commons-io/commons-io/2.15.1/commons-io-2.15.1.jar:/Users/malik/.m2/repository/io/quarkus/quarkus-junit5-properties/3.7.1/quarkus-junit5-properties-3.7.1.jar:/Users/malik/.m2/repository/org/junit/jupiter/junit-jupiter/5.10.1/junit-jupiter-5.10.1.jar:/Users/malik/.m2/repository/org/junit/jupiter/junit-jupiter-api/5.10.1/junit-jupiter-api-5.10.1.jar:/Users/malik/.m2/repository/org/opentest4j/opentest4j/1.3.0/opentest4j-1.3.0.jar:/Users/malik/.m2/repository/org/junit/platform/junit-platform-commons/1.10.1/junit-platform-commons-1.10.1.jar:/Users/malik/.m2/repository/org/apiguardian/apiguardian-api/1.1.2/apiguardian-api-1.1.2.jar:/Users/malik/.m2/repository/org/junit/jupiter/junit-jupiter-params/5.10.1/junit-jupiter-params-5.10.1.jar:/Users/malik/.m2/repository/org/junit/jupiter/junit-jupiter-engine/5.10.1/junit-jupiter-engine-5.10.1.jar:/Users/malik/.m2/repository/org/junit/platform/junit-platform-engine/1.10.1/junit-platform-engine-1.10.1.jar:/Users/malik/.m2/repository/com/thoughtworks/xstream/xstream/1.4.20/xstream-1.4.20.jar:/Users/malik/.m2/repository/io/github/x-stream/mxparser/1.2.2/mxparser-1.2.2.jar:/Users/malik/.m2/repository/xmlpull/xmlpull/1.1.3.1/xmlpull-1.1.3.1.jar:/Users/malik/.m2/repository/io/rest-assured/rest-assured/5.4.0/rest-assured-5.4.0.jar:/Users/malik/.m2/repository/org/apache/groovy/groovy/4.0.16/groovy-4.0.16.jar:/Users/malik/.m2/repository/org/apache/groovy/groovy-xml/4.0.16/groovy-xml-4.0.16.jar:/Users/malik/.m2/repository/org/apache/httpcomponents/httpclient/4.5.14/httpclient-4.5.14.jar:/Users/malik/.m2/repository/org/apache/httpcomponents/httpcore/4.4.16/httpcore-4.4.16.jar:/Users/malik/.m2/repository/commons-codec/commons-codec/1.16.0/commons-codec-1.16.0.jar:/Users/malik/.m2/repository/org/apache/httpcomponents/httpmime/4.5.14/httpmime-4.5.14.jar:/Users/malik/.m2/repository/org/hamcrest/hamcrest/2.2/hamcrest-2.2.jar:/Users/malik/.m2/repository/org/ccil/cowan/tagsoup/tagsoup/1.2.1/tagsoup-1.2.1.jar:/Users/malik/.m2/repository/io/rest-assured/json-path/5.4.0/json-path-5.4.0.jar:/Users/malik/.m2/repository/org/apache/groovy/groovy-json/4.0.16/groovy-json-4.0.16.jar:/Users/malik/.m2/repository/io/rest-assured/rest-assured-common/5.4.0/rest-assured-common-5.4.0.jar:/Users/malik/.m2/repository/io/rest-assured/xml-path/5.4.0/xml-path-5.4.0.jar:/Users/malik/.m2/repository/io/quarkus/quarkus-smallrye-jwt/3.7.1/quarkus-smallrye-jwt-3.7.1.jar:/Users/malik/.m2/repository/io/quarkus/quarkus-smallrye-jwt-build/3.7.1/quarkus-smallrye-jwt-build-3.7.1.jar:/Users/malik/.m2/repository/io/smallrye/smallrye-jwt-build/4.4.0/smallrye-jwt-build-4.4.0.jar:"/>
    <property name="java.vm.vendor" value="Homebrew"/>
    <property name="sun.arch.data.model" value="64"/>
    <property name="java.vendor.url" value="https://github.com/Homebrew/homebrew-core/issues"/>
    <property name="user.timezone" value="Europe/Berlin"/>
    <property name="logging.initial-configurator.min-level" value="500"/>
    <property name="java.vm.specification.version" value="20"/>
    <property name="os.name" value="Mac OS X"/>
    <property name="sun.java.launcher" value="SUN_STANDARD"/>
    <property name="user.country" value="DE"/>
    <property name="groovy.use.classvalue" value="false"/>
    <property name="mp.openapi.extensions.smallrye.defaultProduces" value="application/json"/>
    <property name="sun.boot.library.path" value="/opt/homebrew/Cellar/openjdk/20.0.1/libexec/openjdk.jdk/Contents/Home/lib"/>
    <property name="sun.java.command" value="/Users/malik/Desktop/hocschule/Semester5/SWA/AbsProjekt/ecobasket/target/surefire/surefirebooter-20240212124234401_3.jar /Users/malik/Desktop/hocschule/Semester5/SWA/AbsProjekt/ecobasket/target/surefire 2024-02-12T12-42-34_335-jvmRun1 surefire-20240212124234401_1tmp surefire_0-20240212124234401_2tmp"/>
    <property name="http.nonProxyHosts" value="local|*.local|169.254/16|*.169.254/16"/>
    <property name="jdk.debug" value="release"/>
    <property name="maven.home" value="/opt/homebrew/Cellar/maven/3.9.4/libexec"/>
    <property name="surefire.test.class.path" value="/Users/malik/Desktop/hocschule/Semester5/SWA/AbsProjekt/ecobasket/target/test-classes:/Users/malik/Desktop/hocschule/Semester5/SWA/AbsProjekt/ecobasket/target/classes:/Users/malik/.m2/repository/io/quarkus/quarkus-resteasy-reactive-qute/3.7.1/quarkus-resteasy-reactive-qute-3.7.1.jar:/Users/malik/.m2/repository/io/quarkus/quarkus-core/3.7.1/quarkus-core-3.7.1.jar:/Users/malik/.m2/repository/jakarta/enterprise/jakarta.enterprise.cdi-api/4.0.1/jakarta.enterprise.cdi-api-4.0.1.jar:/Users/malik/.m2/repository/jakarta/enterprise/jakarta.enterprise.lang-model/4.0.1/jakarta.enterprise.lang-model-4.0.1.jar:/Users/malik/.m2/repository/jakarta/el/jakarta.el-api/5.0.1/jakarta.el-api-5.0.1.jar:/Users/malik/.m2/repository/jakarta/inject/jakarta.inject-api/2.0.1/jakarta.inject-api-2.0.1.jar:/Users/malik/.m2/repository/io/smallrye/common/smallrye-common-os/2.1.2/smallrye-common-os-2.1.2.jar:/Users/malik/.m2/repository/io/quarkus/quarkus-ide-launcher/3.7.1/quarkus-ide-launcher-3.7.1.jar:/Users/malik/.m2/repository/io/quarkus/quarkus-development-mode-spi/3.7.1/quarkus-development-mode-spi-3.7.1.jar:/Users/malik/.m2/repository/io/smallrye/config/smallrye-config/3.5.2/smallrye-config-3.5.2.jar:/Users/malik/.m2/repository/io/smallrye/config/smallrye-config-core/3.5.2/smallrye-config-core-3.5.2.jar:/Users/malik/.m2/repository/io/smallrye/common/smallrye-common-classloader/2.1.2/smallrye-common-classloader-2.1.2.jar:/Users/malik/.m2/repository/io/smallrye/config/smallrye-config-common/3.5.2/smallrye-config-common-3.5.2.jar:/Users/malik/.m2/repository/org/jboss/logging/jboss-logging/3.5.3.Final/jboss-logging-3.5.3.Final.jar:/Users/malik/.m2/repository/org/jboss/logmanager/jboss-logmanager/3.0.4.Final/jboss-logmanager-3.0.4.Final.jar:/Users/malik/.m2/repository/io/smallrye/common/smallrye-common-cpu/2.1.2/smallrye-common-cpu-2.1.2.jar:/Users/malik/.m2/repository/io/smallrye/common/smallrye-common-expression/2.1.2/smallrye-common-expression-2.1.2.jar:/Users/malik/.m2/repository/io/smallrye/common/smallrye-common-function/2.1.2/smallrye-common-function-2.1.2.jar:/Users/malik/.m2/repository/io/smallrye/common/smallrye-common-net/2.1.2/smallrye-common-net-2.1.2.jar:/Users/malik/.m2/repository/io/smallrye/common/smallrye-common-ref/2.1.2/smallrye-common-ref-2.1.2.jar:/Users/malik/.m2/repository/jakarta/json/jakarta.json-api/2.1.3/jakarta.json-api-2.1.3.jar:/Users/malik/.m2/repository/org/jboss/logging/jboss-logging-annotations/2.2.1.Final/jboss-logging-annotations-2.2.1.Final.jar:/Users/malik/.m2/repository/org/jboss/threads/jboss-threads/3.5.1.Final/jboss-threads-3.5.1.Final.jar:/Users/malik/.m2/repository/org/slf4j/slf4j-api/2.0.6/slf4j-api-2.0.6.jar:/Users/malik/.m2/repository/org/jboss/slf4j/slf4j-jboss-logmanager/2.0.0.Final/slf4j-jboss-logmanager-2.0.0.Final.jar:/Users/malik/.m2/repository/org/wildfly/common/wildfly-common/1.7.0.Final/wildfly-common-1.7.0.Final.jar:/Users/malik/.m2/repository/io/quarkus/quarkus-bootstrap-runner/3.7.1/quarkus-bootstrap-runner-3.7.1.jar:/Users/malik/.m2/repository/io/quarkus/quarkus-fs-util/0.0.10/quarkus-fs-util-0.0.10.jar:/Users/malik/.m2/repository/io/quarkus/quarkus-qute/3.7.1/quarkus-qute-3.7.1.jar:/Users/malik/.m2/repository/io/quarkus/qute/qute-core/3.7.1/qute-core-3.7.1.jar:/Users/malik/.m2/repository/io/quarkus/quarkus-resteasy-reactive-jsonb/3.7.1/quarkus-resteasy-reactive-jsonb-3.7.1.jar:/Users/malik/.m2/repository/io/quarkus/resteasy/reactive/resteasy-reactive-jsonb/3.7.1/resteasy-reactive-jsonb-3.7.1.jar:/Users/malik/.m2/repository/io/quarkus/resteasy/reactive/resteasy-reactive/3.7.1/resteasy-reactive-3.7.1.jar:/Users/malik/.m2/repository/org/eclipse/yasson/3.0.3/yasson-3.0.3.jar:/Users/malik/.m2/repository/jakarta/json/bind/jakarta.json.bind-api/3.0.0/jakarta.json.bind-api-3.0.0.jar:/Users/malik/.m2/repository/io/quarkus/quarkus-resteasy-reactive-jsonb-common/3.7.1/quarkus-resteasy-reactive-jsonb-common-3.7.1.jar:/Users/malik/.m2/repository/io/quarkus/quarkus-jsonb/3.7.1/quarkus-jsonb-3.7.1.jar:/Users/malik/.m2/repository/io/quarkus/quarkus-mutiny/3.7.1/quarkus-mutiny-3.7.1.jar:/Users/malik/.m2/repository/io/smallrye/reactive/mutiny/2.5.6/mutiny-2.5.6.jar:/Users/malik/.m2/repository/io/quarkus/quarkus-smallrye-context-propagation/3.7.1/quarkus-smallrye-context-propagation-3.7.1.jar:/Users/malik/.m2/repository/io/smallrye/smallrye-context-propagation/2.1.0/smallrye-context-propagation-2.1.0.jar:/Users/malik/.m2/repository/io/smallrye/smallrye-context-propagation-api/2.1.0/smallrye-context-propagation-api-2.1.0.jar:/Users/malik/.m2/repository/io/smallrye/smallrye-context-propagation-storage/2.1.0/smallrye-context-propagation-storage-2.1.0.jar:/Users/malik/.m2/repository/io/smallrye/reactive/mutiny-smallrye-context-propagation/2.5.6/mutiny-smallrye-context-propagation-2.5.6.jar:/Users/malik/.m2/repository/io/quarkus/quarkus-hibernate-orm/3.7.1/quarkus-hibernate-orm-3.7.1.jar:/Users/malik/.m2/repository/io/quarkus/quarkus-agroal/3.7.1/quarkus-agroal-3.7.1.jar:/Users/malik/.m2/repository/io/quarkus/quarkus-datasource/3.7.1/quarkus-datasource-3.7.1.jar:/Users/malik/.m2/repository/io/agroal/agroal-api/2.1/agroal-api-2.1.jar:/Users/malik/.m2/repository/io/agroal/agroal-narayana/2.1/agroal-narayana-2.1.jar:/Users/malik/.m2/repository/org/jboss/jboss-transaction-spi/8.0.0.Final/jboss-transaction-spi-8.0.0.Final.jar:/Users/malik/.m2/repository/io/agroal/agroal-pool/2.1/agroal-pool-2.1.jar:/Users/malik/.m2/repository/io/quarkus/quarkus-narayana-jta/3.7.1/quarkus-narayana-jta-3.7.1.jar:/Users/malik/.m2/repository/io/quarkus/quarkus-transaction-annotations/3.7.1/quarkus-transaction-annotations-3.7.1.jar:/Users/malik/.m2/repository/io/smallrye/smallrye-context-propagation-jta/2.1.0/smallrye-context-propagation-jta-2.1.0.jar:/Users/malik/.m2/repository/io/smallrye/reactive/smallrye-reactive-converter-api/3.0.1/smallrye-reactive-converter-api-3.0.1.jar:/Users/malik/.m2/repository/org/reactivestreams/reactive-streams/1.0.4/reactive-streams-1.0.4.jar:/Users/malik/.m2/repository/io/smallrye/reactive/smallrye-reactive-converter-mutiny/3.0.1/smallrye-reactive-converter-mutiny-3.0.1.jar:/Users/malik/.m2/repository/io/smallrye/reactive/mutiny-zero-flow-adapters/1.0.0/mutiny-zero-flow-adapters-1.0.0.jar:/Users/malik/.m2/repository/org/jboss/narayana/jta/narayana-jta/7.0.0.Final/narayana-jta-7.0.0.Final.jar:/Users/malik/.m2/repository/jakarta/resource/jakarta.resource-api/2.1.0/jakarta.resource-api-2.1.0.jar:/Users/malik/.m2/repository/org/jboss/invocation/jboss-invocation/2.0.0.Final/jboss-invocation-2.0.0.Final.jar:/Users/malik/.m2/repository/org/eclipse/microprofile/reactive-streams-operators/microprofile-reactive-streams-operators-api/3.0/microprofile-reactive-streams-operators-api-3.0.jar:/Users/malik/.m2/repository/org/jboss/narayana/jts/narayana-jts-integration/7.0.0.Final/narayana-jts-integration-7.0.0.Final.jar:/Users/malik/.m2/repository/org/hibernate/orm/hibernate-core/6.4.2.Final/hibernate-core-6.4.2.Final.jar:/Users/malik/.m2/repository/com/fasterxml/classmate/1.6.0/classmate-1.6.0.jar:/Users/malik/.m2/repository/org/antlr/antlr4-runtime/4.13.0/antlr4-runtime-4.13.0.jar:/Users/malik/.m2/repository/net/bytebuddy/byte-buddy/1.14.7/byte-buddy-1.14.7.jar:/Users/malik/.m2/repository/org/hibernate/common/hibernate-commons-annotations/6.0.6.Final/hibernate-commons-annotations-6.0.6.Final.jar:/Users/malik/.m2/repository/org/hibernate/orm/hibernate-graalvm/6.4.2.Final/hibernate-graalvm-6.4.2.Final.jar:/Users/malik/.m2/repository/org/glassfish/jaxb/jaxb-runtime/4.0.4/jaxb-runtime-4.0.4.jar:/Users/malik/.m2/repository/org/glassfish/jaxb/jaxb-core/4.0.4/jaxb-core-4.0.4.jar:/Users/malik/.m2/repository/org/glassfish/jaxb/txw2/4.0.4/txw2-4.0.4.jar:/Users/malik/.m2/repository/com/sun/istack/istack-commons-runtime/4.1.2/istack-commons-runtime-4.1.2.jar:/Users/malik/.m2/repository/jakarta/xml/bind/jakarta.xml.bind-api/4.0.1/jakarta.xml.bind-api-4.0.1.jar:/Users/malik/.m2/repository/jakarta/activation/jakarta.activation-api/2.1.2/jakarta.activation-api-2.1.2.jar:/Users/malik/.m2/repository/jakarta/persistence/jakarta.persistence-api/3.1.0/jakarta.persistence-api-3.1.0.jar:/Users/malik/.m2/repository/jakarta/transaction/jakarta.transaction-api/2.0.1/jakarta.transaction-api-2.0.1.jar:/Users/malik/.m2/repository/org/hibernate/quarkus-local-cache/0.3.0/quarkus-local-cache-0.3.0.jar:/Users/malik/.m2/repository/io/quarkus/quarkus-caffeine/3.7.1/quarkus-caffeine-3.7.1.jar:/Users/malik/.m2/repository/com/github/ben-manes/caffeine/caffeine/3.1.5/caffeine-3.1.5.jar:/Users/malik/.m2/repository/com/google/errorprone/error_prone_annotations/2.24.0/error_prone_annotations-2.24.0.jar:/Users/malik/.m2/repository/io/quarkus/quarkus-rest-client-reactive/3.7.1/quarkus-rest-client-reactive-3.7.1.jar:/Users/malik/.m2/repository/io/quarkus/quarkus-jaxrs-client-reactive/3.7.1/quarkus-jaxrs-client-reactive-3.7.1.jar:/Users/malik/.m2/repository/io/quarkus/resteasy/reactive/resteasy-reactive-client/3.7.1/resteasy-reactive-client-3.7.1.jar:/Users/malik/.m2/repository/io/vertx/vertx-web-client/4.5.1/vertx-web-client-4.5.1.jar:/Users/malik/.m2/repository/io/quarkus/quarkus-smallrye-stork/3.7.1/quarkus-smallrye-stork-3.7.1.jar:/Users/malik/.m2/repository/io/quarkus/quarkus-rest-client-config/3.7.1/quarkus-rest-client-config-3.7.1.jar:/Users/malik/.m2/repository/io/smallrye/jandex/3.1.6/jandex-3.1.6.jar:/Users/malik/.m2/repository/io/smallrye/stork/stork-api/2.5.0/stork-api-2.5.0.jar:/Users/malik/.m2/repository/io/smallrye/stork/stork-core/2.5.0/stork-core-2.5.0.jar:/Users/malik/.m2/repository/org/eclipse/microprofile/rest/client/microprofile-rest-client-api/3.0.1/microprofile-rest-client-api-3.0.1.jar:/Users/malik/.m2/repository/io/quarkus/quarkus-vertx/3.7.1/quarkus-vertx-3.7.1.jar:/Users/malik/.m2/repository/io/quarkus/quarkus-netty/3.7.1/quarkus-netty-3.7.1.jar:/Users/malik/.m2/repository/io/netty/netty-codec/4.1.106.Final/netty-codec-4.1.106.Final.jar:/Users/malik/.m2/repository/io/netty/netty-common/4.1.106.Final/netty-common-4.1.106.Final.jar:/Users/malik/.m2/repository/io/netty/netty-codec-http/4.1.106.Final/netty-codec-http-4.1.106.Final.jar:/Users/malik/.m2/repository/io/netty/netty-codec-http2/4.1.106.Final/netty-codec-http2-4.1.106.Final.jar:/Users/malik/.m2/repository/io/netty/netty-handler/4.1.106.Final/netty-handler-4.1.106.Final.jar:/Users/malik/.m2/repository/io/netty/netty-resolver/4.1.106.Final/netty-resolver-4.1.106.Final.jar:/Users/malik/.m2/repository/io/netty/netty-transport-native-unix-common/4.1.106.Final/netty-transport-native-unix-common-4.1.106.Final.jar:/Users/malik/.m2/repository/com/aayushatharva/brotli4j/brotli4j/1.12.0/brotli4j-1.12.0.jar:/Users/malik/.m2/repository/com/aayushatharva/brotli4j/service/1.12.0/service-1.12.0.jar:/Users/malik/.m2/repository/com/aayushatharva/brotli4j/native-osx-aarch64/1.12.0/native-osx-aarch64-1.12.0.jar:/Users/malik/.m2/repository/io/netty/netty-codec-haproxy/4.1.106.Final/netty-codec-haproxy-4.1.106.Final.jar:/Users/malik/.m2/repository/io/netty/netty-buffer/4.1.106.Final/netty-buffer-4.1.106.Final.jar:/Users/malik/.m2/repository/io/netty/netty-transport/4.1.106.Final/netty-transport-4.1.106.Final.jar:/Users/malik/.m2/repository/io/smallrye/common/smallrye-common-annotation/2.1.2/smallrye-common-annotation-2.1.2.jar:/Users/malik/.m2/repository/io/smallrye/common/smallrye-common-vertx-context/2.1.2/smallrye-common-vertx-context-2.1.2.jar:/Users/malik/.m2/repository/io/vertx/vertx-core/4.5.1/vertx-core-4.5.1.jar:/Users/malik/.m2/repository/io/netty/netty-handler-proxy/4.1.106.Final/netty-handler-proxy-4.1.106.Final.jar:/Users/malik/.m2/repository/io/netty/netty-codec-socks/4.1.106.Final/netty-codec-socks-4.1.106.Final.jar:/Users/malik/.m2/repository/io/netty/netty-resolver-dns/4.1.106.Final/netty-resolver-dns-4.1.106.Final.jar:/Users/malik/.m2/repository/io/netty/netty-codec-dns/4.1.106.Final/netty-codec-dns-4.1.106.Final.jar:/Users/malik/.m2/repository/io/smallrye/common/smallrye-common-constraint/2.1.2/smallrye-common-constraint-2.1.2.jar:/Users/malik/.m2/repository/io/quarkus/quarkus-virtual-threads/3.7.1/quarkus-virtual-threads-3.7.1.jar:/Users/malik/.m2/repository/io/quarkus/quarkus-vertx-latebound-mdc-provider/3.7.1/quarkus-vertx-latebound-mdc-provider-3.7.1.jar:/Users/malik/.m2/repository/io/smallrye/reactive/smallrye-mutiny-vertx-core/3.8.0/smallrye-mutiny-vertx-core-3.8.0.jar:/Users/malik/.m2/repository/io/smallrye/reactive/smallrye-mutiny-vertx-runtime/3.8.0/smallrye-mutiny-vertx-runtime-3.8.0.jar:/Users/malik/.m2/repository/io/smallrye/reactive/vertx-mutiny-generator/3.8.0/vertx-mutiny-generator-3.8.0.jar:/Users/malik/.m2/repository/io/vertx/vertx-codegen/4.5.1/vertx-codegen-4.5.1.jar:/Users/malik/.m2/repository/io/smallrye/smallrye-fault-tolerance-vertx/6.2.6/smallrye-fault-tolerance-vertx-6.2.6.jar:/Users/malik/.m2/repository/io/quarkus/quarkus-vertx-http/3.7.1/quarkus-vertx-http-3.7.1.jar:/Users/malik/.m2/repository/io/quarkus/quarkus-security-runtime-spi/3.7.1/quarkus-security-runtime-spi-3.7.1.jar:/Users/malik/.m2/repository/io/quarkus/quarkus-credentials/3.7.1/quarkus-credentials-3.7.1.jar:/Users/malik/.m2/repository/io/quarkus/security/quarkus-security/2.0.3.Final/quarkus-security-2.0.3.Final.jar:/Users/malik/.m2/repository/io/smallrye/reactive/smallrye-mutiny-vertx-web/3.8.0/smallrye-mutiny-vertx-web-3.8.0.jar:/Users/malik/.m2/repository/io/smallrye/reactive/smallrye-mutiny-vertx-web-common/3.8.0/smallrye-mutiny-vertx-web-common-3.8.0.jar:/Users/malik/.m2/repository/io/smallrye/reactive/smallrye-mutiny-vertx-auth-common/3.8.0/smallrye-mutiny-vertx-auth-common-3.8.0.jar:/Users/malik/.m2/repository/io/smallrye/reactive/smallrye-mutiny-vertx-bridge-common/3.8.0/smallrye-mutiny-vertx-bridge-common-3.8.0.jar:/Users/malik/.m2/repository/io/smallrye/reactive/smallrye-mutiny-vertx-uri-template/3.8.0/smallrye-mutiny-vertx-uri-template-3.8.0.jar:/Users/malik/.m2/repository/io/vertx/vertx-uri-template/4.5.1/vertx-uri-template-4.5.1.jar:/Users/malik/.m2/repository/io/vertx/vertx-web/4.5.1/vertx-web-4.5.1.jar:/Users/malik/.m2/repository/io/vertx/vertx-web-common/4.5.1/vertx-web-common-4.5.1.jar:/Users/malik/.m2/repository/io/vertx/vertx-auth-common/4.5.1/vertx-auth-common-4.5.1.jar:/Users/malik/.m2/repository/io/vertx/vertx-bridge-common/4.5.1/vertx-bridge-common-4.5.1.jar:/Users/malik/.m2/repository/io/github/crac/org-crac/0.1.3/org-crac-0.1.3.jar:/Users/malik/.m2/repository/io/quarkus/quarkus-smallrye-openapi/3.7.1/quarkus-smallrye-openapi-3.7.1.jar:/Users/malik/.m2/repository/io/smallrye/smallrye-open-api-core/3.8.0/smallrye-open-api-core-3.8.0.jar:/Users/malik/.m2/repository/org/eclipse/microprofile/openapi/microprofile-openapi-api/3.1.1/microprofile-openapi-api-3.1.1.jar:/Users/malik/.m2/repository/org/eclipse/microprofile/config/microprofile-config-api/3.0.3/microprofile-config-api-3.0.3.jar:/Users/malik/.m2/repository/com/fasterxml/jackson/core/jackson-core/2.16.1/jackson-core-2.16.1.jar:/Users/malik/.m2/repository/com/fasterxml/jackson/core/jackson-databind/2.16.1/jackson-databind-2.16.1.jar:/Users/malik/.m2/repository/com/fasterxml/jackson/core/jackson-annotations/2.16.1/jackson-annotations-2.16.1.jar:/Users/malik/.m2/repository/com/fasterxml/jackson/dataformat/jackson-dataformat-yaml/2.16.1/jackson-dataformat-yaml-2.16.1.jar:/Users/malik/.m2/repository/io/quarkus/quarkus-swagger-ui/3.7.1/quarkus-swagger-ui-3.7.1.jar:/Users/malik/.m2/repository/io/quarkus/quarkus-resteasy-reactive/3.7.1/quarkus-resteasy-reactive-3.7.1.jar:/Users/malik/.m2/repository/io/quarkus/quarkus-resteasy-reactive-common/3.7.1/quarkus-resteasy-reactive-common-3.7.1.jar:/Users/malik/.m2/repository/io/quarkus/resteasy/reactive/resteasy-reactive-common/3.7.1/resteasy-reactive-common-3.7.1.jar:/Users/malik/.m2/repository/io/quarkus/resteasy/reactive/resteasy-reactive-common-types/3.7.1/resteasy-reactive-common-types-3.7.1.jar:/Users/malik/.m2/repository/io/quarkus/resteasy/reactive/resteasy-reactive-vertx/3.7.1/resteasy-reactive-vertx-3.7.1.jar:/Users/malik/.m2/repository/jakarta/ws/rs/jakarta.ws.rs-api/3.1.0/jakarta.ws.rs-api-3.1.0.jar:/Users/malik/.m2/repository/io/quarkus/quarkus-jsonp/3.7.1/quarkus-jsonp-3.7.1.jar:/Users/malik/.m2/repository/org/eclipse/parsson/parsson/1.1.5/parsson-1.1.5.jar:/Users/malik/.m2/repository/io/quarkus/quarkus-oidc/3.7.1/quarkus-oidc-3.7.1.jar:/Users/malik/.m2/repository/io/quarkus/quarkus-security/3.7.1/quarkus-security-3.7.1.jar:/Users/malik/.m2/repository/jakarta/interceptor/jakarta.interceptor-api/2.1.0/jakarta.interceptor-api-2.1.0.jar:/Users/malik/.m2/repository/io/quarkus/quarkus-oidc-common/3.7.1/quarkus-oidc-common-3.7.1.jar:/Users/malik/.m2/repository/io/smallrye/reactive/smallrye-mutiny-vertx-web-client/3.8.0/smallrye-mutiny-vertx-web-client-3.8.0.jar:/Users/malik/.m2/repository/io/smallrye/smallrye-jwt/4.4.0/smallrye-jwt-4.4.0.jar:/Users/malik/.m2/repository/org/eclipse/microprofile/jwt/microprofile-jwt-auth-api/2.1/microprofile-jwt-auth-api-2.1.jar:/Users/malik/.m2/repository/org/bitbucket/b_c/jose4j/0.9.3/jose4j-0.9.3.jar:/Users/malik/.m2/repository/io/smallrye/smallrye-jwt-common/4.4.0/smallrye-jwt-common-4.4.0.jar:/Users/malik/.m2/repository/jakarta/annotation/jakarta.annotation-api/2.1.1/jakarta.annotation-api-2.1.1.jar:/Users/malik/.m2/repository/io/quarkus/quarkus-liquibase/3.7.1/quarkus-liquibase-3.7.1.jar:/Users/malik/.m2/repository/org/liquibase/liquibase-core/4.25.1/liquibase-core-4.25.1.jar:/Users/malik/.m2/repository/com/opencsv/opencsv/5.8/opencsv-5.8.jar:/Users/malik/.m2/repository/org/apache/commons/commons-lang3/3.14.0/commons-lang3-3.14.0.jar:/Users/malik/.m2/repository/org/apache/commons/commons-text/1.11.0/commons-text-1.11.0.jar:/Users/malik/.m2/repository/org/apache/commons/commons-collections4/4.4/commons-collections4-4.4.jar:/Users/malik/.m2/repository/org/osgi/osgi.core/6.0.0/osgi.core-6.0.0.jar:/Users/malik/.m2/repository/org/yaml/snakeyaml/2.2/snakeyaml-2.2.jar:/Users/malik/.m2/repository/io/quarkus/quarkus-jaxb/3.7.1/quarkus-jaxb-3.7.1.jar:/Users/malik/.m2/repository/io/quarkus/quarkus-jaxp/3.7.1/quarkus-jaxp-3.7.1.jar:/Users/malik/.m2/repository/io/quarkus/quarkus-datasource-common/3.7.1/quarkus-datasource-common-3.7.1.jar:/Users/malik/.m2/repository/io/quarkus/quarkus-keycloak-admin-client-reactive/3.7.1/quarkus-keycloak-admin-client-reactive-3.7.1.jar:/Users/malik/.m2/repository/io/quarkus/quarkus-rest-client-reactive-jackson/3.7.1/quarkus-rest-client-reactive-jackson-3.7.1.jar:/Users/malik/.m2/repository/io/quarkus/resteasy/reactive/resteasy-reactive-jackson/3.7.1/resteasy-reactive-jackson-3.7.1.jar:/Users/malik/.m2/repository/io/quarkus/quarkus-resteasy-reactive-jackson-common/3.7.1/quarkus-resteasy-reactive-jackson-common-3.7.1.jar:/Users/malik/.m2/repository/io/quarkus/quarkus-jackson/3.7.1/quarkus-jackson-3.7.1.jar:/Users/malik/.m2/repository/com/fasterxml/jackson/datatype/jackson-datatype-jsr310/2.16.1/jackson-datatype-jsr310-2.16.1.jar:/Users/malik/.m2/repository/com/fasterxml/jackson/datatype/jackson-datatype-jdk8/2.16.1/jackson-datatype-jdk8-2.16.1.jar:/Users/malik/.m2/repository/com/fasterxml/jackson/module/jackson-module-parameter-names/2.16.1/jackson-module-parameter-names-2.16.1.jar:/Users/malik/.m2/repository/org/keycloak/keycloak-core/23.0.4/keycloak-core-23.0.4.jar:/Users/malik/.m2/repository/org/keycloak/keycloak-common/23.0.4/keycloak-common-23.0.4.jar:/Users/malik/.m2/repository/org/eclipse/angus/angus-activation/2.0.1/angus-activation-2.0.1.jar:/Users/malik/.m2/repository/org/keycloak/keycloak-admin-client/23.0.4/keycloak-admin-client-23.0.4.jar:/Users/malik/.m2/repository/org/jboss/logging/commons-logging-jboss-logging/1.0.0.Final/commons-logging-jboss-logging-1.0.0.Final.jar:/Users/malik/.m2/repository/io/quarkus/quarkus-keycloak-admin-client-common/3.7.1/quarkus-keycloak-admin-client-common-3.7.1.jar:/Users/malik/.m2/repository/io/quarkus/quarkus-jdbc-postgresql/3.7.1/quarkus-jdbc-postgresql-3.7.1.jar:/Users/malik/.m2/repository/org/postgresql/postgresql/42.7.1/postgresql-42.7.1.jar:/Users/malik/.m2/repository/io/quarkus/quarkus-arc/3.7.1/quarkus-arc-3.7.1.jar:/Users/malik/.m2/repository/io/quarkus/arc/arc/3.7.1/arc-3.7.1.jar:/Users/malik/.m2/repository/org/eclipse/microprofile/context-propagation/microprofile-context-propagation-api/1.3/microprofile-context-propagation-api-1.3.jar:/Users/malik/.m2/repository/commons-validator/commons-validator/1.4.1/commons-validator-1.4.1.jar:/Users/malik/.m2/repository/commons-beanutils/commons-beanutils/1.8.3/commons-beanutils-1.8.3.jar:/Users/malik/.m2/repository/commons-digester/commons-digester/1.8.1/commons-digester-1.8.1.jar:/Users/malik/.m2/repository/commons-logging/commons-logging/1.2/commons-logging-1.2.jar:/Users/malik/.m2/repository/commons-collections/commons-collections/3.2.1/commons-collections-3.2.1.jar:/Users/malik/.m2/repository/io/quarkus/quarkus-junit5/3.7.1/quarkus-junit5-3.7.1.jar:/Users/malik/.m2/repository/io/quarkus/quarkus-bootstrap-core/3.7.1/quarkus-bootstrap-core-3.7.1.jar:/Users/malik/.m2/repository/io/quarkus/quarkus-bootstrap-app-model/3.7.1/quarkus-bootstrap-app-model-3.7.1.jar:/Users/malik/.m2/repository/io/smallrye/common/smallrye-common-io/2.1.2/smallrye-common-io-2.1.2.jar:/Users/malik/.m2/repository/org/eclipse/sisu/org.eclipse.sisu.inject/0.9.0.M2/org.eclipse.sisu.inject-0.9.0.M2.jar:/Users/malik/.m2/repository/io/quarkus/quarkus-test-common/3.7.1/quarkus-test-common-3.7.1.jar:/Users/malik/.m2/repository/io/quarkus/quarkus-core-deployment/3.7.1/quarkus-core-deployment-3.7.1.jar:/Users/malik/.m2/repository/org/aesh/readline/2.4/readline-2.4.jar:/Users/malik/.m2/repository/org/fusesource/jansi/jansi/2.4.0/jansi-2.4.0.jar:/Users/malik/.m2/repository/org/aesh/aesh/2.7/aesh-2.7.jar:/Users/malik/.m2/repository/io/quarkus/gizmo/gizmo/1.7.0/gizmo-1.7.0.jar:/Users/malik/.m2/repository/org/ow2/asm/asm-util/9.6/asm-util-9.6.jar:/Users/malik/.m2/repository/org/ow2/asm/asm-analysis/9.6/asm-analysis-9.6.jar:/Users/malik/.m2/repository/org/ow2/asm/asm/9.6/asm-9.6.jar:/Users/malik/.m2/repository/org/ow2/asm/asm-commons/9.6/asm-commons-9.6.jar:/Users/malik/.m2/repository/org/ow2/asm/asm-tree/9.6/asm-tree-9.6.jar:/Users/malik/.m2/repository/io/quarkus/quarkus-class-change-agent/3.7.1/quarkus-class-change-agent-3.7.1.jar:/Users/malik/.m2/repository/io/quarkus/quarkus-devtools-utilities/3.7.1/quarkus-devtools-utilities-3.7.1.jar:/Users/malik/.m2/repository/io/quarkus/quarkus-builder/3.7.1/quarkus-builder-3.7.1.jar:/Users/malik/.m2/repository/org/graalvm/sdk/graal-sdk/23.0.1/graal-sdk-23.0.1.jar:/Users/malik/.m2/repository/org/junit/platform/junit-platform-launcher/1.10.1/junit-platform-launcher-1.10.1.jar:/Users/malik/.m2/repository/io/quarkus/quarkus-bootstrap-maven-resolver/3.7.1/quarkus-bootstrap-maven-resolver-3.7.1.jar:/Users/malik/.m2/repository/io/smallrye/beanbag/smallrye-beanbag-maven/1.3.2/smallrye-beanbag-maven-1.3.2.jar:/Users/malik/.m2/repository/io/smallrye/beanbag/smallrye-beanbag-sisu/1.3.2/smallrye-beanbag-sisu-1.3.2.jar:/Users/malik/.m2/repository/io/smallrye/beanbag/smallrye-beanbag/1.3.2/smallrye-beanbag-1.3.2.jar:/Users/malik/.m2/repository/javax/inject/javax.inject/1/javax.inject-1.jar:/Users/malik/.m2/repository/org/apache/maven/maven-artifact/3.9.6/maven-artifact-3.9.6.jar:/Users/malik/.m2/repository/org/apache/maven/maven-builder-support/3.9.6/maven-builder-support-3.9.6.jar:/Users/malik/.m2/repository/org/apache/maven/maven-model/3.9.6/maven-model-3.9.6.jar:/Users/malik/.m2/repository/org/apache/maven/maven-model-builder/3.9.6/maven-model-builder-3.9.6.jar:/Users/malik/.m2/repository/org/apache/maven/maven-repository-metadata/3.9.6/maven-repository-metadata-3.9.6.jar:/Users/malik/.m2/repository/org/apache/maven/maven-settings/3.9.6/maven-settings-3.9.6.jar:/Users/malik/.m2/repository/org/apache/maven/resolver/maven-resolver-api/1.9.18/maven-resolver-api-1.9.18.jar:/Users/malik/.m2/repository/org/apache/maven/resolver/maven-resolver-impl/1.9.18/maven-resolver-impl-1.9.18.jar:/Users/malik/.m2/repository/org/apache/maven/resolver/maven-resolver-named-locks/1.9.18/maven-resolver-named-locks-1.9.18.jar:/Users/malik/.m2/repository/org/apache/maven/resolver/maven-resolver-spi/1.9.18/maven-resolver-spi-1.9.18.jar:/Users/malik/.m2/repository/org/apache/maven/resolver/maven-resolver-util/1.9.18/maven-resolver-util-1.9.18.jar:/Users/malik/.m2/repository/org/apache/maven/resolver/maven-resolver-transport-http/1.9.10/maven-resolver-transport-http-1.9.10.jar:/Users/malik/.m2/repository/org/apache/maven/wagon/wagon-provider-api/3.5.3/wagon-provider-api-3.5.3.jar:/Users/malik/.m2/repository/org/apache/maven/wagon/wagon-http-shared/3.5.3/wagon-http-shared-3.5.3.jar:/Users/malik/.m2/repository/org/codehaus/plexus/plexus-interpolation/1.26/plexus-interpolation-1.26.jar:/Users/malik/.m2/repository/org/codehaus/plexus/plexus-utils/3.5.1/plexus-utils-3.5.1.jar:/Users/malik/.m2/repository/org/codehaus/plexus/plexus-xml/4.0.0/plexus-xml-4.0.0.jar:/Users/malik/.m2/repository/org/apache/maven/maven-xml-impl/4.0.0-alpha-5/maven-xml-impl-4.0.0-alpha-5.jar:/Users/malik/.m2/repository/org/apache/maven/maven-api-xml/4.0.0-alpha-5/maven-api-xml-4.0.0-alpha-5.jar:/Users/malik/.m2/repository/org/apache/maven/maven-api-meta/4.0.0-alpha-5/maven-api-meta-4.0.0-alpha-5.jar:/Users/malik/.m2/repository/org/codehaus/plexus/plexus-cipher/2.0/plexus-cipher-2.0.jar:/Users/malik/.m2/repository/org/codehaus/plexus/plexus-sec-dispatcher/2.0/plexus-sec-dispatcher-2.0.jar:/Users/malik/.m2/repository/org/apache/maven/maven-embedder/3.9.6/maven-embedder-3.9.6.jar:/Users/malik/.m2/repository/org/apache/maven/maven-core/3.9.6/maven-core-3.9.6.jar:/Users/malik/.m2/repository/org/codehaus/plexus/plexus-component-annotations/2.1.0/plexus-component-annotations-2.1.0.jar:/Users/malik/.m2/repository/org/apache/maven/maven-plugin-api/3.9.6/maven-plugin-api-3.9.6.jar:/Users/malik/.m2/repository/org/apache/maven/shared/maven-shared-utils/3.3.4/maven-shared-utils-3.3.4.jar:/Users/malik/.m2/repository/com/google/inject/guice/5.1.0/guice-5.1.0.jar:/Users/malik/.m2/repository/aopalliance/aopalliance/1.0/aopalliance-1.0.jar:/Users/malik/.m2/repository/com/google/guava/guava/33.0.0-jre/guava-33.0.0-jre.jar:/Users/malik/.m2/repository/com/google/guava/failureaccess/1.0.1/failureaccess-1.0.1.jar:/Users/malik/.m2/repository/javax/annotation/javax.annotation-api/1.3.2/javax.annotation-api-1.3.2.jar:/Users/malik/.m2/repository/org/codehaus/plexus/plexus-classworlds/2.6.0/plexus-classworlds-2.6.0.jar:/Users/malik/.m2/repository/commons-cli/commons-cli/1.5.0/commons-cli-1.5.0.jar:/Users/malik/.m2/repository/org/eclipse/sisu/org.eclipse.sisu.plexus/0.9.0.M2/org.eclipse.sisu.plexus-0.9.0.M2.jar:/Users/malik/.m2/repository/org/apache/maven/maven-settings-builder/3.9.6/maven-settings-builder-3.9.6.jar:/Users/malik/.m2/repository/org/apache/maven/maven-resolver-provider/3.9.6/maven-resolver-provider-3.9.6.jar:/Users/malik/.m2/repository/org/apache/maven/resolver/maven-resolver-connector-basic/1.9.18/maven-resolver-connector-basic-1.9.18.jar:/Users/malik/.m2/repository/org/apache/maven/resolver/maven-resolver-transport-wagon/1.9.18/maven-resolver-transport-wagon-1.9.18.jar:/Users/malik/.m2/repository/org/apache/maven/wagon/wagon-http/3.5.3/wagon-http-3.5.3.jar:/Users/malik/.m2/repository/org/apache/maven/wagon/wagon-file/3.5.3/wagon-file-3.5.3.jar:/Users/malik/.m2/repository/io/quarkus/quarkus-bootstrap-gradle-resolver/3.7.1/quarkus-bootstrap-gradle-resolver-3.7.1.jar:/Users/malik/.m2/repository/commons-io/commons-io/2.15.1/commons-io-2.15.1.jar:/Users/malik/.m2/repository/io/quarkus/quarkus-junit5-properties/3.7.1/quarkus-junit5-properties-3.7.1.jar:/Users/malik/.m2/repository/org/junit/jupiter/junit-jupiter/5.10.1/junit-jupiter-5.10.1.jar:/Users/malik/.m2/repository/org/junit/jupiter/junit-jupiter-api/5.10.1/junit-jupiter-api-5.10.1.jar:/Users/malik/.m2/repository/org/opentest4j/opentest4j/1.3.0/opentest4j-1.3.0.jar:/Users/malik/.m2/repository/org/junit/platform/junit-platform-commons/1.10.1/junit-platform-commons-1.10.1.jar:/Users/malik/.m2/repository/org/apiguardian/apiguardian-api/1.1.2/apiguardian-api-1.1.2.jar:/Users/malik/.m2/repository/org/junit/jupiter/junit-jupiter-params/5.10.1/junit-jupiter-params-5.10.1.jar:/Users/malik/.m2/repository/org/junit/jupiter/junit-jupiter-engine/5.10.1/junit-jupiter-engine-5.10.1.jar:/Users/malik/.m2/repository/org/junit/platform/junit-platform-engine/1.10.1/junit-platform-engine-1.10.1.jar:/Users/malik/.m2/repository/com/thoughtworks/xstream/xstream/1.4.20/xstream-1.4.20.jar:/Users/malik/.m2/repository/io/github/x-stream/mxparser/1.2.2/mxparser-1.2.2.jar:/Users/malik/.m2/repository/xmlpull/xmlpull/1.1.3.1/xmlpull-1.1.3.1.jar:/Users/malik/.m2/repository/io/rest-assured/rest-assured/5.4.0/rest-assured-5.4.0.jar:/Users/malik/.m2/repository/org/apache/groovy/groovy/4.0.16/groovy-4.0.16.jar:/Users/malik/.m2/repository/org/apache/groovy/groovy-xml/4.0.16/groovy-xml-4.0.16.jar:/Users/malik/.m2/repository/org/apache/httpcomponents/httpclient/4.5.14/httpclient-4.5.14.jar:/Users/malik/.m2/repository/org/apache/httpcomponents/httpcore/4.4.16/httpcore-4.4.16.jar:/Users/malik/.m2/repository/commons-codec/commons-codec/1.16.0/commons-codec-1.16.0.jar:/Users/malik/.m2/repository/org/apache/httpcomponents/httpmime/4.5.14/httpmime-4.5.14.jar:/Users/malik/.m2/repository/org/hamcrest/hamcrest/2.2/hamcrest-2.2.jar:/Users/malik/.m2/repository/org/ccil/cowan/tagsoup/tagsoup/1.2.1/tagsoup-1.2.1.jar:/Users/malik/.m2/repository/io/rest-assured/json-path/5.4.0/json-path-5.4.0.jar:/Users/malik/.m2/repository/org/apache/groovy/groovy-json/4.0.16/groovy-json-4.0.16.jar:/Users/malik/.m2/repository/io/rest-assured/rest-assured-common/5.4.0/rest-assured-common-5.4.0.jar:/Users/malik/.m2/repository/io/rest-assured/xml-path/5.4.0/xml-path-5.4.0.jar:/Users/malik/.m2/repository/io/quarkus/quarkus-smallrye-jwt/3.7.1/quarkus-smallrye-jwt-3.7.1.jar:/Users/malik/.m2/repository/io/quarkus/quarkus-smallrye-jwt-build/3.7.1/quarkus-smallrye-jwt-build-3.7.1.jar:/Users/malik/.m2/repository/io/smallrye/smallrye-jwt-build/4.4.0/smallrye-jwt-build-4.4.0.jar:"/>
    <property name="sun.cpu.endian" value="little"/>
    <property name="vertx.disableWebsockets" value="true"/>
    <property name="user.home" value="/Users/malik"/>
    <property name="user.language" value="de"/>
    <property name="jboss.log-version" value="false"/>
    <property name="mp.openapi.extensions.smallrye.defaultPrimitivesConsumes" value="text/plain"/>
    <property name="java.specification.vendor" value="Oracle Corporation"/>
    <property name="io.netty.allocator.maxOrder" value="3"/>
    <property name="java.version.date" value="2023-04-18"/>
    <property name="java.home" value="/opt/homebrew/Cellar/openjdk/20.0.1/libexec/openjdk.jdk/Contents/Home"/>
    <property name="file.separator" value="/"/>
    <property name="basedir" value="/Users/malik/Desktop/hocschule/Semester5/SWA/AbsProjekt/ecobasket"/>
    <property name="java.vm.compressedOopsMode" value="Zero based"/>
    <property name="line.separator" value="&#10;"/>
    <property name="java.vm.specification.vendor" value="Oracle Corporation"/>
    <property name="java.specification.name" value="Java Platform API Specification"/>
    <property name="apple.awt.application.name" value="ForkedBooter"/>
    <property name="surefire.real.class.path" value="/Users/malik/Desktop/hocschule/Semester5/SWA/AbsProjekt/ecobasket/target/surefire/surefirebooter-20240212124234401_3.jar"/>
    <property name="mp.openapi.extensions.smallrye.defaultStreamingConsumes" value="application/octet-stream"/>
    <property name="sun.management.compiler" value="HotSpot 64-Bit Tiered Compilers"/>
    <property name="ftp.nonProxyHosts" value="local|*.local|169.254/16|*.169.254/16"/>
    <property name="mp.openapi.extensions.smallrye.defaultPrimitivesProduces" value="text/plain"/>
    <property name="java.runtime.version" value="20.0.1"/>
    <property name="user.name" value="malik"/>
    <property name="stdout.encoding" value="UTF-8"/>
    <property name="path.separator" value=":"/>
    <property name="os.version" value="14.3"/>
    <property name="java.runtime.name" value="OpenJDK Runtime Environment"/>
    <property name="file.encoding" value="UTF-8"/>
    <property name="java.vm.name" value="OpenJDK 64-Bit Server VM"/>
    <property name="java.vendor.version" value="Homebrew"/>
    <property name="localRepository" value="/Users/malik/.m2/repository"/>
    <property name="java.vendor.url.bug" value="https://github.com/Homebrew/homebrew-core/issues"/>
    <property name="java.io.tmpdir" value="/var/folders/5k/lhx2r6s129j1xxryfj90fcxm0000gn/T/"/>
    <property name="quarkus.log.file.path" value="target/quarkus.log"/>
    <property name="java.version" value="20.0.1"/>
    <property name="mp.openapi.extensions.smallrye.defaultStreamingProduces" value="application/octet-stream"/>
    <property name="java.util.concurrent.ForkJoinPool.common.threadFactory" value="io.quarkus.bootstrap.forkjoin.QuarkusForkJoinWorkerThreadFactory"/>
    <property name="user.dir" value="/Users/malik/Desktop/hocschule/Semester5/SWA/AbsProjekt/ecobasket"/>
    <property name="os.arch" value="aarch64"/>
    <property name="java.vm.specification.name" value="Java Virtual Machine Specification"/>
    <property name="vertx.disableDnsResolver" value="true"/>
    <property name="native.encoding" value="UTF-8"/>
    <property name="java.util.logging.manager" value="org.jboss.logmanager.LogManager"/>
    <property name="java.library.path" value="/Users/malik/Library/Java/Extensions:/Library/Java/Extensions:/Network/Library/Java/Extensions:/System/Library/Java/Extensions:/usr/lib/java:."/>
    <property name="java.vm.info" value="mixed mode, sharing"/>
    <property name="stderr.encoding" value="UTF-8"/>
    <property name="java.vendor" value="Homebrew"/>
    <property name="vertx.disableTCCL" value="true"/>
    <property name="java.vm.version" value="20.0.1"/>
    <property name="sun.io.unicode.encoding" value="UnicodeBig"/>
    <property name="io.netty.machineId" value="fa:3c:3c:c6:f6:2c:a5:2f"/>
    <property name="socksNonProxyHosts" value="local|*.local|169.254/16|*.169.254/16"/>
    <property name="java.class.version" value="64.0"/>
    <property name="mp.openapi.extensions.smallrye.defaultConsumes" value="application/json"/>
  </properties>
  <testcase name="testAddAndGetKunde" classname="org.hsos.KundeTests" time="2.087">
    <system-out><![CDATA[2024-02-12 12:42:38,469 INFO  [org.tes.doc.DockerClientProviderStrategy] (build-56) Loaded org.testcontainers.dockerclient.UnixSocketClientProviderStrategy from ~/.testcontainers.properties, will try it first
2024-02-12 12:42:39,040 INFO  [org.tes.doc.DockerClientProviderStrategy] (build-56) Found Docker environment with local Unix socket (unix:///var/run/docker.sock)
2024-02-12 12:42:39,042 INFO  [org.tes.DockerClientFactory] (build-56) Docker host IP address is localhost
2024-02-12 12:42:39,077 INFO  [org.tes.DockerClientFactory] (build-56) Connected to docker: 
  Server Version: 24.0.6
  API Version: 1.43
  Operating System: Docker Desktop
  Total Memory: 3932 MB
2024-02-12 12:42:39,101 INFO  [org.tes.ima.PullPolicy] (build-56) Image pull policy will be performed by: DefaultPullPolicy()
2024-02-12 12:42:39,102 INFO  [org.tes.uti.ImageNameSubstitutor] (build-56) Image name substitution will be performed by: DefaultImageNameSubstitutor (composite of 'ConfigurationFileImageNameSubstitutor' and 'PrefixingImageNameSubstitutor')
2024-02-12 12:42:39,106 INFO  [org.tes.DockerClientFactory] (build-56) Checking the system...
2024-02-12 12:42:39,107 INFO  [org.tes.DockerClientFactory] (build-56) ✔︎ Docker server version should be at least 1.6.0
2024-02-12 12:42:39,246 INFO  [tc.doc.io/postgres:14] (build-56) Creating container for image: docker.io/postgres:14
2024-02-12 12:42:39,550 INFO  [io.qua.oid.dep.dev.key.KeycloakDevServicesProcessor] (build-29) Using Quarkus powered Keycloak distribution
2024-02-12 12:42:39,550 INFO  [tc.qua.io/.0.4] (build-29) Creating container for image: quay.io/keycloak/keycloak:23.0.4
2024-02-12 12:42:40,436 INFO  [org.tes.uti.RegistryAuthLocator] (build-56) Credential helper/store (docker-credential-desktop) does not have credentials for docker.io
2024-02-12 12:42:40,440 INFO  [org.tes.uti.RegistryAuthLocator] (build-29) Credential helper/store (docker-credential-desktop) does not have credentials for quay.io
2024-02-12 12:42:40,446 WARN  [tc.doc.io/postgres:14] (build-56) Reuse was requested but the environment does not support the reuse of containers
To enable reuse of containers, you must set 'testcontainers.reuse.enable=true' in a file located at /Users/malik/.testcontainers.properties
2024-02-12 12:42:40,446 INFO  [tc.tes.6.0] (build-29) Creating container for image: testcontainers/ryuk:0.6.0
2024-02-12 12:42:40,700 INFO  [org.tes.uti.RegistryAuthLocator] (build-29) Credential helper/store (docker-credential-desktop) does not have credentials for https://index.docker.io/v1/
2024-02-12 12:42:41,018 INFO  [tc.tes.6.0] (build-29) Container testcontainers/ryuk:0.6.0 is starting: 74d62cf3bb987718e612ac7c97daff71c3b63e1b3e50c47ce8373e7771f5ff2f
2024-02-12 12:42:41,567 INFO  [tc.tes.6.0] (build-29) Container testcontainers/ryuk:0.6.0 started in PT1.120639S
2024-02-12 12:42:41,636 INFO  [tc.qua.io/.0.4] (build-29) Container quay.io/keycloak/keycloak:23.0.4 is starting: 03dbf8562e5f381f121fe4f8542a048678fc1b1929e490fe90caa79225135e96
2024-02-12 12:42:41,636 INFO  [tc.doc.io/postgres:14] (build-56) Container docker.io/postgres:14 is starting: 68c8294cfe76184e569789e7e8338eb74ed1aa4c5c8026947cd102b33f0e3218
2024-02-12 12:42:43,975 INFO  [tc.doc.io/postgres:14] (build-56) Container docker.io/postgres:14 started in PT4.72864S
2024-02-12 12:42:43,979 INFO  [tc.doc.io/postgres:14] (build-56) Container is started (JDBC URL: jdbc:postgresql://localhost:3456/Ecobasket?loggerLevel=OFF)
2024-02-12 12:42:43,979 INFO  [io.qua.dev.pos.dep.PostgresqlDevServicesProcessor] (build-56) Dev Services for PostgreSQL started.
2024-02-12 12:42:43,983 INFO  [io.qua.dat.dep.dev.DevServicesDatasourceProcessor] (build-56) Dev Services for default datasource (postgresql) started - container ID is 68c8294cfe76
2024-02-12 12:43:06,276 INFO  [tc.qua.io/.0.4] (build-29) Container quay.io/keycloak/keycloak:23.0.4 started in PT26.724741S
2024-02-12 12:43:09,517 INFO  [io.qua.oid.dep.dev.key.KeycloakDevServicesProcessor] (build-29) Dev Services for Keycloak started.
2024-02-12 12:43:10,135 WARN  [io.qua.config] (main) Unrecognized configuration key "quarkus.keycloak.policy-enforcer.paths.public2.path" was provided; it will be ignored; verify that the dependency extension for this configuration is set or that you did not make a typo
2024-02-12 12:43:10,137 WARN  [io.qua.config] (main) Unrecognized configuration key "quarkus.keycloak.policy-enforcer.paths.public3.path" was provided; it will be ignored; verify that the dependency extension for this configuration is set or that you did not make a typo
2024-02-12 12:43:10,138 WARN  [io.qua.config] (main) Unrecognized configuration key "quarkus.keycloak.policy-enforcer.paths.public3.enforcement-mode" was provided; it will be ignored; verify that the dependency extension for this configuration is set or that you did not make a typo
2024-02-12 12:43:10,138 WARN  [io.qua.config] (main) Unrecognized configuration key "quarkus.qute.precompile-templates" was provided; it will be ignored; verify that the dependency extension for this configuration is set or that you did not make a typo
2024-02-12 12:43:10,139 WARN  [io.qua.config] (main) Unrecognized configuration key "quarkus.keycloak.policy-enforcer.paths.public2.enforcement-mode" was provided; it will be ignored; verify that the dependency extension for this configuration is set or that you did not make a typo
2024-02-12 12:43:11,653 INFO  [liq.database] (main) Set default schema name to public
2024-02-12 12:43:11,717 INFO  [liq.lockservice] (main) Changelog-Protokoll erfolgreich gesperrt.
2024-02-12 12:43:12,017 INFO  [liq.changelog] (main) Creating database history table with name: public.databasechangelog
2024-02-12 12:43:12,030 INFO  [liq.changelog] (main) Reading from public.databasechangelog
Keine Fehler bei der Validierung gefunden.
2024-02-12 12:43:12,063 INFO  [liq.command] (main) Command execution complete
2024-02-12 12:43:12,128 INFO  [liq.changelog] (main) Reading from public.databasechangelog
2024-02-12 12:43:12,160 INFO  [liq.command] (main) Using deploymentId: 7738192160
2024-02-12 12:43:12,163 INFO  [liq.changelog] (main) Reading from public.databasechangelog
Running Changeset: db/changeLog.xml::startup-schema::Finn
2024-02-12 12:43:12,228 INFO  [liq.changelog] (main) Table KUNDE created
2024-02-12 12:43:12,237 INFO  [liq.changelog] (main) Table SORTIMENT created
2024-02-12 12:43:12,243 INFO  [liq.changelog] (main) Table ADRESSE created
2024-02-12 12:43:12,246 INFO  [liq.changelog] (main) Table LAGER created
2024-02-12 12:43:12,249 INFO  [liq.changelog] (main) Table WARENKORB created
2024-02-12 12:43:12,252 INFO  [liq.changelog] (main) Table POSITION created
2024-02-12 12:43:12,256 INFO  [liq.changelog] (main) Table WARENKORB_POSITION created
2024-02-12 12:43:12,259 INFO  [liq.changelog] (main) Table BESTAND created
2024-02-12 12:43:12,265 INFO  [liq.changelog] (main) Table LAGER_BESTAND created
2024-02-12 12:43:12,267 INFO  [liq.changelog] (main) ChangeSet db/changeLog.xml::startup-schema::Finn ran successfully in 63ms
Running Changeset: db/changeLog.xml::insert-data::Finn
2024-02-12 12:43:12,284 INFO  [liq.changelog] (main) New row inserted into SORTIMENT
2024-02-12 12:43:12,285 INFO  [liq.changelog] (main) New row inserted into SORTIMENT
2024-02-12 12:43:12,286 INFO  [liq.changelog] (main) New row inserted into SORTIMENT
2024-02-12 12:43:12,288 INFO  [liq.changelog] (main) New row inserted into LAGER
2024-02-12 12:43:12,289 INFO  [liq.changelog] (main) New row inserted into LAGER
2024-02-12 12:43:12,291 INFO  [liq.changelog] (main) New row inserted into LAGER
2024-02-12 12:43:12,292 INFO  [liq.changelog] (main) New row inserted into BESTAND
2024-02-12 12:43:12,293 INFO  [liq.changelog] (main) New row inserted into BESTAND
2024-02-12 12:43:12,294 INFO  [liq.changelog] (main) New row inserted into BESTAND
2024-02-12 12:43:12,296 INFO  [liq.changelog] (main) New row inserted into LAGER_BESTAND
2024-02-12 12:43:12,297 INFO  [liq.changelog] (main) New row inserted into LAGER_BESTAND
2024-02-12 12:43:12,298 INFO  [liq.changelog] (main) New row inserted into LAGER_BESTAND
2024-02-12 12:43:12,299 INFO  [liq.changelog] (main) ChangeSet db/changeLog.xml::insert-data::Finn ran successfully in 18ms

UPDATE SUMMARY
Run:                          2
Previously run:               0
Filtered out:                 0
-------------------------------
Total change sets:            2

2024-02-12 12:43:12,305 INFO  [liq.util] (main) UPDATE SUMMARY
2024-02-12 12:43:12,305 INFO  [liq.util] (main) Run:                          2
2024-02-12 12:43:12,305 INFO  [liq.util] (main) Previously run:               0
2024-02-12 12:43:12,306 INFO  [liq.util] (main) Filtered out:                 0
2024-02-12 12:43:12,306 INFO  [liq.util] (main) -------------------------------
2024-02-12 12:43:12,306 INFO  [liq.util] (main) Total change sets:            2
2024-02-12 12:43:12,306 INFO  [liq.util] (main) Update summary generated
2024-02-12 12:43:12,307 INFO  [liq.command] (main) Update command completed successfully.
Liquibase: Update has been successful. Rows affected: 14
2024-02-12 12:43:12,310 INFO  [liq.lockservice] (main) Successfully released change log lock
2024-02-12 12:43:12,311 INFO  [liq.command] (main) Command execution complete
2024-02-12 12:43:12,313 INFO  [liq.lockservice] (main) Successfully released change log lock
2024-02-12 12:43:13,003 INFO  [io.quarkus] (main) ecobasket 1.0.0-SNAPSHOT on JVM (powered by Quarkus 3.7.1) started in 36.824s. Listening on: http://localhost:8081
2024-02-12 12:43:13,005 INFO  [io.quarkus] (main) Profile test activated. 
2024-02-12 12:43:13,005 INFO  [io.quarkus] (main) Installed features: [agroal, cdi, hibernate-orm, jdbc-postgresql, liquibase, narayana-jta, oidc, qute, rest-client-reactive, rest-client-reactive-jackson, resteasy-reactive, resteasy-reactive-jsonb, resteasy-reactive-qute, security, smallrye-context-propagation, smallrye-jwt, smallrye-openapi, swagger-ui, vertx]
2024-02-12 12:43:14,727 INFO  [de.hso.swa.Kun.con.Key.KeycloakService] (executor-thread-1) Role 'user' assigned to user: testuser 8bc9b08c-7385-4971-bc97-3c4082f13bdc
2024-02-12 12:43:14,858 INFO  [de.hso.swa.Kun.bou.KundeRessource] (executor-thread-1) new costumer Added
2024-02-12 12:43:14,882 INFO  [de.hso.swa.Kun.bou.KundeRessource] (executor-thread-2) warenKorb created by Event with ID : 1b122c54-749a-4c4e-a930-d13bc23531e8
2024-02-12 12:43:14,941 INFO  [de.hso.swa.Kun.con.Key.KeycloakService] (executor-thread-1) Role 'user' assigned to user: test1 c844d356-f291-479f-9438-90b7694835dd
2024-02-12 12:43:14,944 INFO  [de.hso.swa.Kun.bou.KundeRessource] (executor-thread-1) new costumer Added
2024-02-12 12:43:14,950 INFO  [de.hso.swa.Kun.bou.KundeRessource] (executor-thread-2) warenKorb created by Event with ID : ea560022-f560-4341-8233-5fecbce82f67
]]></system-out>
  </testcase>
  <testcase name="getAllKundeTestOnlyUnAuthorized" classname="org.hsos.KundeTests" time="0.13"/>
  <testcase name="addKundeTest" classname="org.hsos.KundeTests" time="0.219">
    <system-out><![CDATA[2024-02-12 12:43:15,448 INFO  [de.hso.swa.Kun.con.Key.KeycloakService] (executor-thread-1) Role 'user' assigned to user: test cf22c737-6a52-4df9-bf01-9d581b6f8426
2024-02-12 12:43:15,452 INFO  [de.hso.swa.Kun.bou.KundeRessource] (executor-thread-1) new costumer Added
]]></system-out>
  </testcase>
  <testcase name="LagerAddGetDeleteFlowTest" classname="org.hsos.KundeTests" time="0.229">
    <system-out><![CDATA[2024-02-12 12:43:15,460 INFO  [de.hso.swa.Kun.bou.KundeRessource] (executor-thread-2) warenKorb created by Event with ID : 65402ee6-1920-4032-8466-57f5e6ac0d73
]]></system-out>
  </testcase>
  <testcase name="addSortimentTest" classname="org.hsos.KundeTests" time="0.125"/>
  <testcase name="SortimentAddGetDeleteFlowTest" classname="org.hsos.KundeTests" time="0.186">
    <system-out><![CDATA[18b08937-335b-402f-b36a-7a6907ff2df0
]]></system-out>
  </testcase>
  <testcase name="getAllSortimentTestOnlyAdmin" classname="org.hsos.KundeTests" time="0.19"/>
  <testcase name="addSortimentUserNotAllowedTest" classname="org.hsos.KundeTests" time="0.125"/>
  <testcase name="getAllKundeTestOnlyAdmin" classname="org.hsos.KundeTests" time="0.128"/>
</testsuite>